MPASM  5.43                       SERVICE.ASM   2-15-2020  17:14:51         PAGE  1


LOC  OBJECT CODE     LINE SOURCE TEXT
  VALUE

                      00001 ; Interrupt service handlers
                      00002 
                      00003 #include p18f2431.inc
                      00001         LIST
                      00002 
                      00003 ;==========================================================================
                      00004 ;  MPASM PIC18F2431 processor include
                      00005 ; 
                      00006 ;  (c) Copyright 1999-2011 Microchip Technology, All rights reserved
                      00007 ;==========================================================================
                      00008 
                      01464         LIST
                      00004 #include inc/vars.inc
                      00001 ; ------------------------------------------------------------------------------
                      00002 ; Variables
                      00003 
                      00004         cblock  0x0000          ; start addresses in user register space
                      00005 
                      00006 ;------ Shared variables
  00000000            00007         CUR_BYTE                ; Completed byte read by service code
                      00008 
                      00009         
  00000001            00010         CV_FLAGS                ; Set of flags to indicate which PWM values have been updated
                      00011 
  00000002            00012         CV_PITCH                ; Current value for note Pitch (or VEL1 in MODE1)
  00000003            00013         CV_PITCH_CH4            ; Special tracking for pitch on CH 4 and 5 for MODE0
  00000004            00014         CV_PITCH_CH5
  00000005            00015         CV_VELOCITY             ; Current value for note Velocity (or VEL2 in MODE1)
  00000006            00016         CV_MOD                  ; Current value for the Mod Wheel (or VEL3 in MODE1)
  00000007            00017         CV_GATE                 ; Current gate settings (bits 0-4)
  00000008            00018         CV_GATE_TMP
  00000009            00019         CLOCK_COUNTER           ; Counter for midi clock to derrive timings (reset on 6)
  0000000A            00020         CLOCK_COUNTER_24        ; Counter for midi clock reset every 24 ticks (quarter note)
  0000000B            00021         CLOCK_COUNTER_32        ; Counter for midi clock reset every 32 ticks (thrid note)
  0000000C            00022         CLOCK_COUNTER_96        ; Counter for midi clock reset every 96 ticks (whole note)
  0000000D            00023         CLOCK_DIVIDER           ; Stored binary divided MIDI clock (not reset)
  0000000E            00024         SONG_START_INV          ; Inverted song start (0 indicates song start signal which lasts for 1 c
                            lock cycle) - used as reset flag, cleared after 3 ticks
  0000000F            00025         SONG_START              ; Non-inverted song start, used to track song start, cleared after 1 tic
                            k
                      00026 
  00000010            00027         SYS_EX_DATA             ; Current Sysex byte (set to 0xF7 if no data)
                      00028 
  00000011            00029         CV_PITCH_TARGET         ; Current target for pitch
  00000012            00030         CV_PITCH_DELAY          ; Delay counter for pitch target resolution
  00000013            00031         CV_PITCH_SCALE          ; Scale factor for pitch
  00000014            00032         CV_VEL_TARGET           ; Current target for velocity
  00000015            00033         CV_VEL_DELAY            ; Delay counter for velocity target resolution
  00000016            00034         CV_VEL_SCALE            ; Scale factor for vel
  00000017            00035         CV_MOD_TARGET           ; Current target for mod
  00000018            00036         CV_MOD_DELAY            ; Delay counter for mod target resolution
  00000019            00037         CV_MOD_SCALE            ; Scale factor for mod
                      00038 
MPASM  5.43                       SERVICE.ASM   2-15-2020  17:14:51         PAGE  2


LOC  OBJECT CODE     LINE SOURCE TEXT
  VALUE

                      00039 ;------ service.asm variables
  0000001A            00040         W_TMP                   ; Storage for W register during interrupt
  0000001B            00041         ST_TMP                  ; Storage for STATUS register during interrupt
  0000001C            00042         BSR_TMP                 ; Storage for BSR register during interrupt
                      00043 
  0000001D            00044         MIDI_STATE              ; Current midi state offset
  0000001E            00045         MIDI_STATE_TMP          ; Used to store the last midi state when in SysEx mode
  0000001F            00046         MSG_COUNT               ; Counts the number of msg params passed
  00000020            00047         CC_NUM                  ; Holds the controller number for the CC message
  00000021            00048         MSG_CHAN                ; Holds the working MIDI channel number
  00000022            00049         MSG_PITCH_CH1           ; Holds the working pitches that may be pushed live
  00000023            00050         MSG_PITCH_CH2           ; In Drum Mode (MODE1) only _CH1 is used
  00000024            00051         MSG_PITCH_CH3
  00000025            00052         MSG_PITCH_CH4
  00000026            00053         MSG_PITCH_CH5
  00000027            00054         MSG_VELOCITY            ; Holds the working velocities that may be pushed live
                      00055 
                      00056 ;------ midi.asm variables
  00000028            00057         TMP_CV_BYTE_L           ; Holds a temp value for pushing CV values to the PWM registers
  00000029            00058         TMP_CV_BYTE_H
                      00059 
                      00060 ;------ midi.read.int.asm variables (entry point)
                      00061 
                      00062         endc
                      00063 
                      00064 
                      00065 ; ------------------------------------------------------------------------------
                      00066 ; Constants
                      00067 ;
  00000000            00068 CV_DATA_LKP:    equ     0x00    ; EEPROM base Address of CV Controller data lookup
  00000080            00069 CV_NOTE_LKP:    equ     0x80    ; EEPROM base Address CV Note data lookup
                      00070 
                      00071 ; CV_FLAGS
  00000000            00072 CVF_PITCH:      equ     0x00    ; MODE0
  00000001            00073 CVF_VELOCITY:   equ     0x01    ; MODE0
  00000002            00074 CVF_MOD:        equ     0x02    ; MODE0
  00000003            00075 CVF_CV_4:       equ     0x03    ; MODE0
  00000004            00076 CVF_CV_5:       equ     0x04    ; MODE0
                      00077 
  00000004            00078 CV_PITCH_SCALE_INIT:    equ     0x04
  00000008            00079 CV_VEL_SCALE_INIT:      equ     0x08
  00000002            00080 CV_MOD_SCALE_INIT:      equ     0x02
                      00081 
  00000000            00082 _MOFFSET_NOTE_OFF:      equ     0x00    ; 0x8c
  00000002            00083 _MOFFSET_NOTE_ON:       equ     0x02    ; 0x9c
  00000004            00084 _MOFFSET_KP:            equ     0x04    ; 0xAc
  00000006            00085 _MOFFSET_CC:            equ     0x06    ; 0xBc
  00000008            00086 _MOFFSET_PC:            equ     0x08    ; 0xCc
  0000000A            00087 _MOFFSET_CP:            equ     0x0A    ; 0xDc
  0000000C            00088 _MOFFSET_PB:            equ     0x0C    ; 0xEc
  0000000E            00089 _MOFFSET_SYS_EX:        equ     0x0E    ; 0xF0
  00000010            00090 _MOFFSET_F1:            equ     0x10    ; 0xF1
  00000012            00091 _MOFFSET_SP:            equ     0x12    ; 0xF2
MPASM  5.43                       SERVICE.ASM   2-15-2020  17:14:51         PAGE  3


LOC  OBJECT CODE     LINE SOURCE TEXT
  VALUE

  00000014            00092 _MOFFSET_SS:            equ     0x14    ; 0xF3
  00000016            00093 _MOSSFEST_F4:           equ     0x16    ; 0xF4
  00000018            00094 _MOFFSET_UBS:           equ     0x18    ; 0xF5
  0000001A            00095 _MOFFSET_TR:            equ     0x1A    ; 0xF6
  0000001C            00096 _MOFFSET_SYS_EX_END:    equ     0x1C    ; 0xF7
  0000001E            00097 _MOFFSET_TT:            equ     0x1E    ; 0xF8
  00000020            00098 _MOSSFEST_F9:           equ     0x20    ; 0xF9
  00000022            00099 _MOFFSET_START_SONG:    equ     0x22    ; 0xFA
  00000024            00100 _MOFFSET_CONT_SONG:     equ     0x24    ; 0xFB
  00000026            00101 _MOFFSET_STOP_SONG:     equ     0x26    ; 0xFC
  00000028            00102 _MOSSFEST_FD:           equ     0x28    ; 0xFD
  0000002A            00103 _MOFFSET_AS:            equ     0x2A    ; 0xFE
  0000002C            00104 _MOFFSET_SYS_RESET:     equ     0x2C    ; 0xFF
  0000002E            00105 _MOFFSET_NONE:          equ     0x2E
                      00106 
                      00107 ; GATE Mappings
                      00108 ; Bits 0 to 4 of PORT_C represent gates
                      00109 ; Bit 0 represents GATE 5 and Bit 4 represents GATE 1 in v2.0 to match the hardware layout
  00000004            00110 GATE_1:         equ     0x04
  00000003            00111 GATE_2:         equ     0x03
  00000002            00112 GATE_3:         equ     0x02
  00000001            00113 GATE_4:         equ     0x01
  00000000            00114 GATE_5:         equ     0x00
                      00115 
  00000080            00116 DELAY_96:       equ     0x80
  00000080            00117 DELAY_32:       equ     0x80
  00000080            00118 DELAY_24:       equ     0x80
                      00005 
                      00006 ; ------------------------------------------------------------------------------
                      00007 ; Export global code refs
                      00008 ;
  0000                00009         global  _SERVICE_HI
  0000                00010         global  _SERVICE_LO
                      00011 
                      00012 
                      00013 ; ------------------------------------------------------------------------------
                      00014 ; Context SAVE/RESTORE macros
                      00015 ;
                      00016 _SAVE_CTX       macro
                      00017         movwf   W_TMP           ; Save W to W_TEMP register
                      00018         movff   STATUS,ST_TMP   ; Save STATUS to ST_TEMP register
                      00019         movff   BSR,BSR_TMP     ; Save bank select
                      00020         endm
                      00021 
                      00022 _RESTORE_CTX    macro
                      00023         movff   BSR_TMP,BSR     ; Restore bank select
                      00024         movf    W_TMP,W         ; Restore W
                      00025         movff   ST_TMP,STATUS   ; Restore STATUS
                      00026         endm
                      00027 
                      00028 ; ------------------------------------------------------------------------------
                      00029 ; Dispatcher for interrupt handlers
                      00030 ;
MPASM  5.43                       SERVICE.ASM   2-15-2020  17:14:51         PAGE  4


LOC  OBJECT CODE     LINE SOURCE TEXT
  VALUE

                      00031 .SERVICE        code    ; Relocatable code for interrupt handler
000000                00032 _SERVICE_LO:
                      00033         ; Not used
000000 0010           00034         retfie
                      00035 
000002                00036 _SERVICE_HI:
                      00037         _SAVE_CTX
000002 6E1A               M         movwf   W_TMP           ; Save W to W_TEMP register
000004 CFD8 F01B          M         movff   STATUS,ST_TMP   ; Save STATUS to ST_TEMP register
000008 CFE0 F01C          M         movff   BSR,BSR_TMP     ; Save bank select
                      00038 
                      00039 ; Assumes only one interrupt will be enabled at a time
00000C                00040 _CHECK_RC:
00000C BA9E           00041         btfsc   PIR1,RCIF       ; Check for Serial RX interrupt (MIDI IN - byte read)
00000E EF?? F???      00042         goto    _HANDLE_RC
                      00043 
000012                00044 _EXIT_SERVICE:
                      00045         _RESTORE_CTX
000012 C01C FFE0          M         movff   BSR_TMP,BSR     ; Restore bank select
000016 501A               M         movf    W_TMP,W         ; Restore W
000018 C01B FFD8          M         movff   ST_TMP,STATUS   ; Restore STATUS
                      00046 
00001C 0010           00047         retfie
                      00048 
                      00049 
                      00050 ; ------------------------------------------------------------------------------
                      00051 ; Handler for MIDI IN over Serial RX
                      00052 ;
00001E                00053 _HANDLE_RC:
00001E CFAE F000      00054         movff   RCREG,CUR_BYTE  ; Copy received byte to CUR_BYTE
                      00055 
                      00056         ; Dirty check for only clock byte, regardless of state
000022 0EF8           00057         movlw   0xF8                            ; Timing Clock (96ths)
000024 6200           00058         cpfseq  CUR_BYTE
000026 EF?? F???      00059         goto    _NOT_CLOCK
00002A 0E00           00060         movlw   0x00
00002C 620F           00061         cpfseq  SONG_START                      ; Skip initial tick at song start
00002E EF?? F???      00062         goto    _SKIP_TICK_ON_SONG_START
000032 2A09           00063         incf    CLOCK_COUNTER,F                 ; Tick clocks
000034 2A0D           00064         incf    CLOCK_DIVIDER,F
000036 0E03           00065         movlw   0x03                            ; Check if we need to increment the gates (every 3)
000038 6209           00066         cpfseq  CLOCK_COUNTER
00003A EF?? F???      00067         goto    _CLOCK_COUNTER_24
00003E 680E           00068         setf    SONG_START_INV                  ; Clear song start flag after 3 ticks
000040 2A07           00069         incf    CV_GATE,F
000042 6A09           00070         clrf    CLOCK_COUNTER
                      00071 
000044                00072 _CLOCK_COUNTER_24:
000044 2E16           00073         decfsz  CV_VEL_SCALE
000046 EF?? F???      00074         goto    _CLOCK_COUNTER_32
00004A 0E08           00075         movlw   CV_VEL_SCALE_INIT               ; reset scale factor
00004C 6E16           00076         movwf   CV_VEL_SCALE
                      00077 
MPASM  5.43                       SERVICE.ASM   2-15-2020  17:14:51         PAGE  5


LOC  OBJECT CODE     LINE SOURCE TEXT
  VALUE

00004E 2A0A           00078         incf    CLOCK_COUNTER_24,F
000050 0E18           00079         movlw   0x18                            ; Reset every 24
000052 620A           00080         cpfseq  CLOCK_COUNTER_24
000054 EF?? F???      00081         goto    _CLOCK_COUNTER_24_END
000058 6A0A           00082         clrf    CLOCK_COUNTER_24
00005A                00083 _CLOCK_COUNTER_24_END:
00005A 8201           00084         bsf     CV_FLAGS,CVF_VELOCITY           ; Notify update for VELOCITY (CV2)
                      00085 
00005C                00086 _CLOCK_COUNTER_32:
00005C 2E19           00087         decfsz  CV_MOD_SCALE
00005E EF?? F???      00088         goto    _CLOCK_COUNTER_96
000062 0E02           00089         movlw   CV_MOD_SCALE_INIT               ; reset scale factor
000064 6E19           00090         movwf   CV_MOD_SCALE
                      00091 
000066 2A0B           00092         incf    CLOCK_COUNTER_32,F
000068 0E20           00093         movlw   0x20                            ; Reset every 32
00006A 620B           00094         cpfseq  CLOCK_COUNTER_32
00006C EF?? F???      00095         goto    _CLOCK_COUNTER_32_END
000070 6A0B           00096         clrf    CLOCK_COUNTER_32
000072                00097 _CLOCK_COUNTER_32_END:
000072 8401           00098         bsf     CV_FLAGS,CVF_MOD                ; Notify update for MOD (CV3)
                      00099 
000074                00100 _CLOCK_COUNTER_96:
000074 2E13           00101         decfsz  CV_PITCH_SCALE
000076 EF?? F???      00102         goto    _RC_CLEANUP
00007A 0E04           00103         movlw   CV_PITCH_SCALE_INIT             ; reset scale factor
00007C 6E13           00104         movwf   CV_PITCH_SCALE
                      00105 
00007E 2A0C           00106         incf    CLOCK_COUNTER_96,F
000080 0E60           00107         movlw   0x60                            ; Reset every 96
000082 620C           00108         cpfseq  CLOCK_COUNTER_96
000084 EF?? F???      00109         goto    _CLOCK_COUNTER_96_END
000088 6A0C           00110         clrf    CLOCK_COUNTER_96
00008A                00111 _CLOCK_COUNTER_96_END:
00008A 8001           00112         bsf     CV_FLAGS,CVF_PITCH              ; Notify update for PITCH (CV1)
00008C EF?? F???      00113         goto    _RC_CLEANUP
                      00114 
000090                00115 _SKIP_TICK_ON_SONG_START:
000090 6A0F           00116         clrf    SONG_START
000092 EF?? F???      00117         goto    _RC_CLEANUP
                      00118 
000096                00119 _NOT_CLOCK:
000096 0EFA           00120         movlw   0xFA                            ; Song start
000098 6200           00121         cpfseq  CUR_BYTE
00009A EF?? F???      00122         goto    _NOT_SONG_START
00009E 6A07           00123         clrf    CV_GATE                         ; Reset clocks and counters on song start
0000A0 6A0E           00124         clrf    SONG_START_INV
0000A2 680F           00125         setf    SONG_START
0000A4 6A09           00126         clrf    CLOCK_COUNTER
0000A6 6A0A           00127         clrf    CLOCK_COUNTER_24
0000A8 6A0B           00128         clrf    CLOCK_COUNTER_32
0000AA 6A0C           00129         clrf    CLOCK_COUNTER_96
0000AC EF?? F???      00130         goto    _RC_CLEANUP
MPASM  5.43                       SERVICE.ASM   2-15-2020  17:14:51         PAGE  6


LOC  OBJECT CODE     LINE SOURCE TEXT
  VALUE

                      00131 
0000B0                00132 _NOT_SONG_START:
0000B0 0EFC           00133         movlw   0xFC                            ; Song stop
0000B2 6200           00134         cpfseq  CUR_BYTE
0000B4 EF?? F???      00135         goto    _NOT_SONG_STOP
0000B8 6807           00136         setf    CV_GATE                         ; Force all clocks outs to 0 (note inversion)
0000BA 680D           00137         setf    CLOCK_DIVIDER
0000BC EF?? F???      00138         goto    _RC_CLEANUP
0000C0                00139 _NOT_SONG_STOP:
0000C0 EF?? F???      00140         goto    _RC_CLEANUP
                      00141 
                      00142 
                      00143         ; First, check to see if we are in SysEx mode
0000C4 0E0E           00144         movlw   _MOFFSET_SYS_EX
0000C6 621D           00145         cpfseq  MIDI_STATE
0000C8 EF?? F???      00146         goto    _CHECK_BYTE_TYPE
                      00147 
0000CC                00148 _PROCESS_SYS_EX:
0000CC 0EF7           00149         movlw   0xF7
0000CE 6200           00150         cpfseq  CUR_BYTE
0000D0 EF?? F???      00151         goto    _PROCESS_SYS_EX_DATA
0000D4                00152 _PROCSES_SYS_EX_END:
0000D4 C01E F01D      00153         movff   MIDI_STATE_TMP,MIDI_STATE       ; Restore the last state before the SYS_EX message came 
                            in
0000D8 EF?? F???      00154         goto    _RC_CLEANUP
0000DC                00155 _PROCESS_SYS_EX_DATA:
0000DC C000 F010      00156         movff   CUR_BYTE,SYS_EX_DATA
0000E0 EF?? F???      00157         goto    _RC_CLEANUP
                      00158 
0000E4                00159 _CHECK_BYTE_TYPE:
0000E4 0E80           00160         movlw   0x80            ; Check to see if we have a status or a message byte
0000E6 6000           00161         cpfslt  CUR_BYTE
0000E8 EF?? F???      00162         goto    _PROCESS_STATUS
                      00163 
                      00164 ; ------------------------------------------------------------------------------
                      00165 ; Process MIDI Message byte
                      00166 ;
                      00167 
0000EC                00168 _PROCESS_MESSAGE:
                      00169 ; Branch based on which state we are in
                      00170         ;; Hardcode a check specifically for clock since the PCL jump doesn't seem to work past M_STATE_
                            SP??!
                      00171         ;movlw  _MOFFSET_TT
                      00172         ;cpfseq MIDI_STATE
                      00173         ;goto   _PROCESS_NON_CLOCK_MESSAGE
                      00174         ;bra    _MSTATE_TT
                      00175 
0000EC                00176 _PROCESS_NON_CLOCK_MESSAGE:
0000EC 501D           00177         movf    MIDI_STATE,W    ; State setting represents offset into jump table
0000EE 26F9           00178         addwf   PCL,F
0000F0 D???           00179         bra     _MSTATE_NOTE_OFF
0000F2 D???           00180         bra     _MSTATE_NOTE_ON
0000F4 D???           00181         bra     _MSTATE_KP
MPASM  5.43                       SERVICE.ASM   2-15-2020  17:14:51         PAGE  7


LOC  OBJECT CODE     LINE SOURCE TEXT
  VALUE

0000F6 D???           00182         bra     _MSTATE_CC
0000F8 D???           00183         bra     _MSTATE_PC
0000FA D???           00184         bra     _MSTATE_CP
0000FC D???           00185         bra     _MSTATE_PB
0000FE D???           00186         bra     _MSTATE_SYS_EX          ; Never called from here
000100 D???           00187         bra     _MSTATE_TC              
000102 D???           00188         bra     _MSTATE_SP              ;; Works
000104 D???           00189         bra     _MSTATE_SS              ;; Doesn't work!?
000106 D???           00190         bra     _MSTATE_F4              ; Never called
000108 D???           00191         bra     _MSTATE_UBS
00010A D???           00192         bra     _MSTATE_TR
00010C D???           00193         bra     _MSTATE_SYS_EX_END      ; Never called
00010E D???           00194         bra     _MSTATE_TT
000110 D???           00195         bra     _MSTATE_F9              ; Never called
000112 D???           00196         bra     _MSTATE_START_SONG
000114 D???           00197         bra     _MSTATE_CONT_SONG
000116 D???           00198         bra     _MSTATE_STOP_SONG
000118 D???           00199         bra     _MSTATE_FD
00011A D???           00200         bra     _MSTATE_AS
00011C D???           00201         bra     _MSTATE_SYS_RESET
00011E D???           00202         bra     _MSTATE_NONE            ; Only ever called if a midi message byte arrives before a statu
                            s byte after reset
                      00203 
000120                00204 _RC_CLEANUP:
000120 9A9E           00205         bcf     PIR1,RCIF       ; Clear Serial RX interrupt
000122 EF?? F???      00206         goto    _EXIT_SERVICE
                      00207 
                      00208 
                      00209 ; ------------------------------------------------------------------------------
                      00210 ; Midi message processing based on current state
                      00211 ;
000126                00212 _MSTATE_NOTE_OFF:
                      00213         ;btfsc  PORTA,0                 ; Check MIDI MODE
                      00214         ;goto   _MSTATE_NOTE_OFF_MODE_1
                      00215         ;btg    CV_GATE,GATE_1                  ; Toggle GATE1
000126 EF?? F???      00216         goto    _RC_CLEANUP
                      00217 
00012A                00218 _MSTATE_NOTE_ON:
                      00219         ;btfsc  PORTA,0                         ; Check MIDI MODE
                      00220         ;goto   _MSTATE_NOTE_ON_MODE_1
                      00221         ;movff  MSG_VELOCITY,CV_PITCH           ; PWM1
                      00222         ;bsf    CV_FLAGS,CVF_PITCH
                      00223         ;bsf    CV_GATE,GATE_1                  ; Trigger GATE1
                      00224         ;bsf    CV_GATE,GATE_2                  ; Trigger GATE2
                      00225         ;bsf    CV_GATE,GATE_3                  ; Trigger GATE3
                      00226         ;bsf    CV_GATE,GATE_4                  ; Trigger GATE4
                      00227         ;bsf    CV_GATE,GATE_5                  ; Trigger GATE5
                      00228         ;btg    CV_GATE,GATE_3                  ; Toggle GATE1
00012A EF?? F???      00229         goto    _RC_CLEANUP
                      00230 
00012E                00231 _MSTATE_KP:
00012E 7807           00232         btg     CV_GATE,GATE_1                  ; Toggle GATE1
000130 EF?? F???      00233         goto    _RC_CLEANUP
MPASM  5.43                       SERVICE.ASM   2-15-2020  17:14:51         PAGE  8


LOC  OBJECT CODE     LINE SOURCE TEXT
  VALUE

                      00234 
000134                00235 _MSTATE_CC:
                      00236         ;btfsc  PORTA,0                         ; Check MIDI MODE
000134 7807           00237         btg     CV_GATE,GATE_1                  ; Toggle GATE1
000136 EF?? F???      00238         goto    _RC_CLEANUP                     ; Simply ignore CC in MODE1 and MODE0
                      00239 
00013A                00240 _MSTATE_PC:
00013A 7807           00241         btg     CV_GATE,GATE_1                  ; Toggle GATE1
00013C EF?? F???      00242         goto    _RC_CLEANUP
                      00243 
000140                00244 _MSTATE_CP:
000140 7807           00245         btg     CV_GATE,GATE_1                  ; Toggle GATE1
000142 EF?? F???      00246         goto    _RC_CLEANUP
                      00247 
000146                00248 _MSTATE_PB:
000146 7807           00249         btg     CV_GATE,GATE_1                  ; Toggle GATE1
000148 EF?? F???      00250         goto    _RC_CLEANUP
                      00251 
00014C                00252 _MSTATE_SYS_EX:
00014C 7807           00253         btg     CV_GATE,GATE_1                  ; Toggle GATE1
                      00254 
00014E EF?? F???      00255         goto    _RC_CLEANUP
                      00256 
000152                00257 _MSTATE_TC:
000152 7807           00258         btg     CV_GATE,GATE_1                  ; Toggle GATE1
000154 EF?? F???      00259         goto    _RC_CLEANUP
                      00260 
000158                00261 _MSTATE_SP:
000158 7607           00262         btg     CV_GATE,GATE_2                  ; Toggle GATE1
00015A EF?? F???      00263         goto    _RC_CLEANUP
                      00264 
00015E                00265 _MSTATE_SS:
00015E 7607           00266         btg     CV_GATE,GATE_2                  ; Toggle GATE1
000160 EF?? F???      00267         goto    _RC_CLEANUP
                      00268 
000164                00269 _MSTATE_F4:
000164 7807           00270         btg     CV_GATE,GATE_1                  ; Toggle GATE1
000166 EF?? F???      00271         goto    _RC_CLEANUP
                      00272 
00016A                00273 _MSTATE_UBS:
00016A 7807           00274         btg     CV_GATE,GATE_1                  ; Toggle GATE1
00016C EF?? F???      00275         goto    _RC_CLEANUP
                      00276 
000170                00277 _MSTATE_TR:
000170 7807           00278         btg     CV_GATE,GATE_1                  ; Toggle GATE1
000172 EF?? F???      00279         goto    _RC_CLEANUP
                      00280 
000176                00281 _MSTATE_SYS_EX_END:
000176 7807           00282         btg     CV_GATE,GATE_1                  ; Toggle GATE1
000178 EF?? F???      00283         goto    _RC_CLEANUP
                      00284 
00017C                00285 _MSTATE_TT:
00017C 7607           00286         btg     CV_GATE,GATE_2                  ; Toggle GATE1
MPASM  5.43                       SERVICE.ASM   2-15-2020  17:14:51         PAGE  9


LOC  OBJECT CODE     LINE SOURCE TEXT
  VALUE

                      00287         ;bsf    CV_GATE,GATE_2                  ; Trigger GATE2
                      00288         ;bsf    CV_GATE,GATE_3                  ; Trigger GATE3
                      00289         ;bsf    CV_GATE,GATE_4                  ; Trigger GATE4
                      00290         ;bsf    CV_GATE,GATE_5                  ; Trigger GATE5
00017E EF?? F???      00291         goto    _RC_CLEANUP
                      00292 
000182                00293 _MSTATE_F9:
000182 7807           00294         btg     CV_GATE,GATE_1                  ; Toggle GATE1
000184 EF?? F???      00295         goto    _RC_CLEANUP
                      00296 
000188                00297 _MSTATE_START_SONG:
000188 7807           00298         btg     CV_GATE,GATE_1                  ; Toggle GATE1
00018A EF?? F???      00299         goto    _RC_CLEANUP
                      00300 
00018E                00301 _MSTATE_CONT_SONG:
00018E 7807           00302         btg     CV_GATE,GATE_1                  ; Toggle GATE1
000190 EF?? F???      00303         goto    _RC_CLEANUP
                      00304 
000194                00305 _MSTATE_STOP_SONG:
000194 7807           00306         btg     CV_GATE,GATE_1                  ; Toggle GATE1
000196 EF?? F???      00307         goto    _RC_CLEANUP
                      00308 
00019A                00309 _MSTATE_FD:
00019A 7807           00310         btg     CV_GATE,GATE_1                  ; Toggle GATE1
00019C EF?? F???      00311         goto    _RC_CLEANUP
                      00312 
0001A0                00313 _MSTATE_AS:
0001A0 7807           00314         btg     CV_GATE,GATE_1                  ; Toggle GATE1
0001A2 EF?? F???      00315         goto    _RC_CLEANUP
                      00316 
0001A6                00317 _MSTATE_SYS_RESET:
                      00318         ;btg    CV_GATE,GATE_1                  ; Toggle GATE1
0001A6 00FF           00319         reset
                      00320 
0001A8                00321 _MSTATE_NONE:   ; Ignore non-status bytes
                      00322         ;btg    CV_GATE,GATE_1                  ; Toggle GATE1
0001A8 EF?? F???      00323         goto    _RC_CLEANUP
                      00324 
                      00325 
                      00326 ; ------------------------------------------------------------------------------
                      00327 ; Process MIDI Status byte
                      00328 ;
0001AC                00329 _PROCESS_STATUS:
0001AC 0EF0           00330         movlw   0xF0                            ; Check for sysex
0001AE 6200           00331         cpfseq  CUR_BYTE
0001B0 EF?? F???      00332         goto    _CHECK_BYTE
0001B4 C01D F01E      00333         movff   MIDI_STATE,MIDI_STATE_TMP       ; Store the current status if sysex start
0001B8                00334 _CHECK_BYTE:
0001B8 0EF0           00335         movlw   0xF0                            ; Check for system message
0001BA 6000           00336         cpfslt  CUR_BYTE
0001BC EF?? F???      00337         goto    _SET_SYSTEM_MSG
0001C0                00338 _SET_STD_MSG:
0001C0 5000           00339         movf    CUR_BYTE,W
MPASM  5.43                       SERVICE.ASM   2-15-2020  17:14:51         PAGE 10


LOC  OBJECT CODE     LINE SOURCE TEXT
  VALUE

0001C2 0B0F           00340         andlw   0x0F                            ; Extract MIDI chan
0001C4 6E21           00341         movwf   MSG_CHAN
0001C6 5000           00342         movf    CUR_BYTE,W
0001C8 0B70           00343         andlw   0x70                            ; Extract status code and drop MSb
0001CA 3AE8           00344         swapf   WREG
0001CC EF?? F???      00345         goto    _CREATE_OFFSET
0001D0                00346 _SET_SYSTEM_MSG:
0001D0 5000           00347         movf    CUR_BYTE,W
0001D2 0B0F           00348         andlw   0x0F                            ; We only need the first nibble since we know this is a 
                            Sys message
0001D4 0F07           00349         addlw   0x07                            ; Add 7 to scale this up
                      00350 
0001D6                00351 _CREATE_OFFSET:
0001D6 46E8           00352         rlncf   WREG                            ; create an offset mapping by mult x 2
0001D8 6E1D           00353         movwf   MIDI_STATE
0001DA 6A1F           00354         clrf    MSG_COUNT                       ; Reset message count
                      00355 
                      00356         ; Check to see if we need to process the sys messge now (F6 and above do not have any addtional 
                            mesage bytes)
0001DC 0EF6           00357         movlw   0xF6
0001DE 6000           00358         cpfslt  CUR_BYTE
0001E0 EF?? F???      00359         goto    _PROCESS_MESSAGE
                      00360 
0001E4 EF?? F???      00361         goto    _RC_CLEANUP
                      00362 
                      00363 
                      00364         end
MPASM  5.43                       SERVICE.ASM   2-15-2020  17:14:51         PAGE 11


SYMBOL TABLE
  LABEL                             VALUE 

A                                 00000000
ABDEN                             00000000
ABDOVF                            00000007
ACCESS                            00000000
ACMOD0                            00000002
ACMOD1                            00000003
ACONV                             00000005
ACQT0                             00000003
ACQT1                             00000004
ACQT2                             00000005
ACQT3                             00000006
ACSCH                             00000004
ADCHS                             00000F99
ADCON0                            00000FC2
ADCON1                            00000FC1
ADCON2                            00000FC0
ADCON3                            00000F9A
ADCS0                             00000000
ADCS1                             00000001
ADCS2                             00000002
ADDEN                             00000003
ADEN                              00000003
ADFM                              00000007
ADIE                              00000006
ADIF                              00000006
ADIP                              00000006
ADON                              00000000
ADPNT0                            00000000
ADPNT1                            00000001
ADRES                             00000FC3
ADRESH                            00000FC4
ADRESL                            00000FC3
ADRS0                             00000006
ADRS1                             00000007
AN0                               00000000
AN1                               00000001
AN2                               00000002
AN3                               00000003
AN4                               00000004
ANS0                              00000000
ANS1                              00000001
ANS2                              00000002
ANS3                              00000003
ANS4                              00000004
ANSEL0                            00000FB8
BANKED                            00000001
BAUDCON                           00000FAA
BAUDCTL                           00000FAA
BF                                00000000
BFEMT                             00000003
BFOVFL                            00000002
BOR                               00000000
BRFEN                             00000007
MPASM  5.43                       SERVICE.ASM   2-15-2020  17:14:51         PAGE 12


SYMBOL TABLE
  LABEL                             VALUE 

BRG16                             00000003
BRGH                              00000002
BSR                               00000FE0
BSR_TMP                           0000001C
C                                 00000000
CAP1BUFH                          00000F69
CAP1BUFL                          00000F68
CAP1CON                           00000F63
CAP1M0                            00000000
CAP1M1                            00000001
CAP1M2                            00000002
CAP1M3                            00000003
CAP1REN                           00000006
CAP1TMR                           00000005
CAP2BUFH                          00000F67
CAP2BUFL                          00000F66
CAP2CON                           00000F62
CAP2M0                            00000000
CAP2M1                            00000001
CAP2M2                            00000002
CAP2M3                            00000003
CAP2REN                           00000006
CAP2TMR                           00000005
CAP3BUFH                          00000F65
CAP3BUFL                          00000F64
CAP3CON                           00000F61
CAP3M0                            00000000
CAP3M1                            00000001
CAP3M2                            00000002
CAP3M3                            00000003
CAP3REN                           00000006
CAP3TMR                           00000005
CCP1                              00000002
CCP1CON                           00000FBD
CCP1IE                            00000002
CCP1IF                            00000002
CCP1IP                            00000002
CCP1M0                            00000000
CCP1M1                            00000001
CCP1M2                            00000002
CCP1M3                            00000003
CCP1X                             00000005
CCP1Y                             00000004
CCP2                              00000001
CCP2CON                           00000FBA
CCP2IE                            00000000
CCP2IF                            00000000
CCP2IP                            00000000
CCP2M0                            00000000
CCP2M1                            00000001
CCP2M2                            00000002
CCP2M3                            00000003
CCP2X                             00000005
MPASM  5.43                       SERVICE.ASM   2-15-2020  17:14:51         PAGE 13


SYMBOL TABLE
  LABEL                             VALUE 

CCP2Y                             00000004
CCPR1                             00000FBE
CCPR1H                            00000FBF
CCPR1L                            00000FBE
CCPR2                             00000FBB
CCPR2H                            00000FBC
CCPR2L                            00000FBB
CC_NUM                            00000020
CFGS                              00000006
CK                                00000006
CKE                               00000006
CKP                               00000004
CLKI                              00000007
CLKO                              00000006
CLOCK_COUNTER                     00000009
CLOCK_COUNTER_24                  0000000A
CLOCK_COUNTER_32                  0000000B
CLOCK_COUNTER_96                  0000000C
CLOCK_DIVIDER                     0000000D
CREN                              00000004
CSRC                              00000007
CUR_BYTE                          00000000
CVF_CV_4                          00000003
CVF_CV_5                          00000004
CVF_MOD                           00000002
CVF_PITCH                         00000000
CVF_VELOCITY                      00000001
CV_DATA_LKP                       00000000
CV_FLAGS                          00000001
CV_GATE                           00000007
CV_GATE_TMP                       00000008
CV_MOD                            00000006
CV_MOD_DELAY                      00000018
CV_MOD_SCALE                      00000019
CV_MOD_SCALE_INIT                 00000002
CV_MOD_TARGET                     00000017
CV_NOTE_LKP                       00000080
CV_PITCH                          00000002
CV_PITCH_CH4                      00000003
CV_PITCH_CH5                      00000004
CV_PITCH_DELAY                    00000012
CV_PITCH_SCALE                    00000013
CV_PITCH_SCALE_INIT               00000004
CV_PITCH_TARGET                   00000011
CV_VELOCITY                       00000005
CV_VEL_DELAY                      00000015
CV_VEL_SCALE                      00000016
CV_VEL_SCALE_INIT                 00000008
CV_VEL_TARGET                     00000014
D                                 00000005
DATA_ADDRESS                      00000005
DC                                00000001
DC1B0                             00000004
MPASM  5.43                       SERVICE.ASM   2-15-2020  17:14:51         PAGE 14


SYMBOL TABLE
  LABEL                             VALUE 

DC1B1                             00000005
DC2B0                             00000004
DC2B1                             00000005
DDRA                              TRISA
DDRB                              TRISB
DDRC                              TRISC
DDRD                              TRISD
DDRE                              TRISE
DELAY_24                          00000080
DELAY_32                          00000080
DELAY_96                          00000080
DFLTCON                           00000F60
DONE                              00000001
DOWN                              00000005
DT0                               00000000
DT1                               00000001
DT2                               00000002
DT3                               00000003
DT4                               00000004
DT5                               00000005
DTA0                              00000000
DTA1                              00000001
DTA2                              00000002
DTA3                              00000003
DTA4                              00000004
DTA5                              00000005
DTAPS0                            00000006
DTAPS1                            00000007
DTCON                             00000F6D
DTPS0                             00000006
DTPS1                             00000007
D_A                               00000005
D_NOT_A                           00000005
EEADR                             00000FA9
EECON1                            00000FA6
EECON2                            00000FA7
EEDATA                            00000FA8
EEIE                              00000004
EEIF                              00000004
EEIP                              00000004
EEPGD                             00000007
FAST                              00000001
FERR                              00000002
FFOVFL                            00000002
FIFOEN                            00000004
FLT1EN                            00000003
FLT2EN                            00000004
FLT3EN                            00000005
FLT4EN                            00000006
FLTA                              00000001
FLTAEN                            00000000
FLTAMOD                           00000001
FLTAS                             00000002
MPASM  5.43                       SERVICE.ASM   2-15-2020  17:14:51         PAGE 15


SYMBOL TABLE
  LABEL                             VALUE 

FLTB                              00000002
FLTBEN                            00000004
FLTBMOD                           00000005
FLTBS                             00000006
FLTCK0                            00000000
FLTCK1                            00000001
FLTCK2                            00000002
FLTCON                            00000003
FLTCONFIG                         00000F6C
FLTS                              00000002
FREE                              00000004
FSR0                              00000000
FSR0H                             00000FEA
FSR0L                             00000FE9
FSR1                              00000001
FSR1H                             00000FE2
FSR1L                             00000FE1
FSR2                              00000002
FSR2H                             00000FDA
FSR2L                             00000FD9
GASEL0                            00000000
GASEL1                            00000001
GATE_1                            00000004
GATE_2                            00000003
GATE_3                            00000002
GATE_4                            00000001
GATE_5                            00000000
GBSEL0                            00000004
GBSEL1                            00000005
GCSEL0                            00000002
GCSEL1                            00000003
GDSEL0                            00000006
GDSEL1                            00000007
GIE                               00000007
GIEH                              00000007
GIEL                              00000006
GIE_GIEH                          00000007
GO                                00000001
GODONE                            00000001
GO_DONE                           00000001
GO_NOT_DONE                       00000001
IC1IE                             00000001
IC1IF                             00000001
IC1IP                             00000001
IC2QEIE                           00000002
IC2QEIF                           00000002
IC2QEIP                           00000002
IC3DRIE                           00000003
IC3DRIF                           00000003
IC3DRIP                           00000003
IDLEN                             00000007
INDF0                             00000FEF
INDF1                             00000FE7
MPASM  5.43                       SERVICE.ASM   2-15-2020  17:14:51         PAGE 16


SYMBOL TABLE
  LABEL                             VALUE 

INDF2                             00000FDF
INT0                              00000003
INT0E                             00000004
INT0F                             00000001
INT0IE                            00000004
INT0IF                            00000001
INT1                              00000004
INT1E                             00000003
INT1F                             00000000
INT1IE                            00000003
INT1IF                            00000000
INT1IP                            00000006
INT1P                             00000006
INT2                              00000005
INT2E                             00000004
INT2F                             00000001
INT2IE                            00000004
INT2IF                            00000001
INT2IP                            00000007
INT2P                             00000007
INTCON                            00000FF2
INTCON2                           00000FF1
INTCON3                           00000FF0
INTEDG0                           00000006
INTEDG1                           00000005
INTEDG2                           00000004
IOFS                              00000002
IPEN                              00000007
IPR1                              00000F9F
IPR2                              00000FA2
IPR3                              00000FA5
IRCF0                             00000004
IRCF1                             00000005
IRCF2                             00000006
IRVST                             00000005
IVRST                             00000005
LATA                              00000F89
LATA0                             00000000
LATA1                             00000001
LATA2                             00000002
LATA3                             00000003
LATA4                             00000004
LATA6                             00000006
LATA7                             00000007
LATB                              00000F8A
LATB0                             00000000
LATB1                             00000001
LATB2                             00000002
LATB3                             00000003
LATB4                             00000004
LATB5                             00000005
LATB6                             00000006
LATB7                             00000007
MPASM  5.43                       SERVICE.ASM   2-15-2020  17:14:51         PAGE 17


SYMBOL TABLE
  LABEL                             VALUE 

LATC                              00000F8B
LATC0                             00000000
LATC1                             00000001
LATC2                             00000002
LATC3                             00000003
LATC4                             00000004
LATC5                             00000005
LATC6                             00000006
LATC7                             00000007
LVDCON                            00000FD2
LVDEN                             00000004
LVDIE                             00000002
LVDIF                             00000002
LVDIP                             00000002
LVDL0                             00000000
LVDL1                             00000001
LVDL2                             00000002
LVDL3                             00000003
MAXCNTH                           00000F65
MAXCNTL                           00000F64
MCLR                              00000003
MIDI_STATE                        0000001D
MIDI_STATE_TMP                    0000001E
MSG_CHAN                          00000021
MSG_COUNT                         0000001F
MSG_PITCH_CH1                     00000022
MSG_PITCH_CH2                     00000023
MSG_PITCH_CH3                     00000024
MSG_PITCH_CH4                     00000025
MSG_PITCH_CH5                     00000026
MSG_VELOCITY                      00000027
N                                 00000004
NOT_A                             00000005
NOT_ADDRESS                       00000005
NOT_BOR                           00000000
NOT_DONE                          00000001
NOT_DOWN                          00000005
NOT_FLTA                          00000001
NOT_FLTB                          00000002
NOT_IPEN                          00000007
NOT_MCLR                          00000003
NOT_PD                            00000002
NOT_POR                           00000001
NOT_RBPU                          00000007
NOT_RESEN                         00000006
NOT_RI                            00000004
NOT_SS                            00000006
NOT_T1SYNC                        00000002
NOT_T5SYNC                        00000002
NOT_TO                            00000003
NOT_VELM                          00000007
NOT_W                             00000002
NOT_WRITE                         00000002
MPASM  5.43                       SERVICE.ASM   2-15-2020  17:14:51         PAGE 18


SYMBOL TABLE
  LABEL                             VALUE 

OERR                              00000001
OSC1                              00000007
OSC2                              00000006
OSCCON                            00000FD3
OSCTUNE                           00000F9B
OSFIE                             00000007
OSFIF                             00000007
OSFIP                             00000007
OSTS                              00000003
OSYNC                             00000000
OV                                00000003
OVDCOND                           00000F6B
OVDCONS                           00000F6A
P                                 00000004
PC                                00000FF9
PCL                               00000FF9
PCLATH                            00000FFA
PCLATU                            00000FFB
PD                                00000002
PDC0H                             00000F78
PDC0L                             00000F79
PDC1H                             00000F76
PDC1L                             00000F77
PDC2H                             00000F74
PDC2L                             00000F75
PDEC0                             00000000
PDEC1                             00000001
PEIE                              00000006
PEIE_GIEL                         00000006
PIE1                              00000F9D
PIE2                              00000FA0
PIE3                              00000FA3
PIR1                              00000F9E
PIR2                              00000FA1
PIR3                              00000FA4
PLUSW0                            00000FEB
PLUSW1                            00000FE3
PLUSW2                            00000FDB
PMOD0                             00000000
PMOD1                             00000001
PMOD2                             00000002
PMOD3                             00000003
POR                               00000001
PORTA                             00000F80
PORTB                             00000F81
PORTC                             00000F82
PORTE                             00000F84
POSCNTH                           00000F67
POSCNTL                           00000F66
POSTDEC0                          00000FED
POSTDEC1                          00000FE5
POSTDEC2                          00000FDD
POSTINC0                          00000FEE
MPASM  5.43                       SERVICE.ASM   2-15-2020  17:14:51         PAGE 19


SYMBOL TABLE
  LABEL                             VALUE 

POSTINC1                          00000FE6
POSTINC2                          00000FDE
POUT0                             00000000
POUT1                             00000001
POUT2                             00000002
POUT3                             00000003
POUT4                             00000004
POUT5                             00000005
POUT6                             00000006
POUT7                             00000007
POVD0                             00000000
POVD1                             00000001
POVD2                             00000002
POVD3                             00000003
POVD4                             00000004
POVD5                             00000005
POVD6                             00000006
POVD7                             00000007
PR2                               00000FCB
PR5                               00000F90
PR5H                              00000F91
PR5L                              00000F90
PREINC0                           00000FEC
PREINC1                           00000FE4
PREINC2                           00000FDC
PROD                              00000FF3
PRODH                             00000FF4
PRODL                             00000FF3
PSA                               00000003
PTCKPS0                           00000002
PTCKPS1                           00000003
PTCON0                            00000F7F
PTCON1                            00000F7E
PTDIR                             00000006
PTEN                              00000007
PTIE                              00000004
PTIF                              00000004
PTIP                              00000004
PTMOD0                            00000000
PTMOD1                            00000001
PTMRH                             00000F7C
PTMRL                             00000F7D
PTOPS0                            00000004
PTOPS1                            00000005
PTOPS2                            00000006
PTOPS3                            00000007
PTPERH                            00000F7A
PTPERL                            00000F7B
PWMCON0                           00000F6F
PWMCON1                           00000F6E
PWMEN0                            00000004
PWMEN1                            00000005
PWMEN2                            00000006
MPASM  5.43                       SERVICE.ASM   2-15-2020  17:14:51         PAGE 20


SYMBOL TABLE
  LABEL                             VALUE 

QEICON                            00000FB6
QEIM0                             00000002
QEIM1                             00000003
QEIM2                             00000004
R                                 00000002
RA0                               00000000
RA1                               00000001
RA2                               00000002
RA3                               00000003
RA4                               00000004
RA6                               00000006
RA7                               00000007
RB0                               00000000
RB1                               00000001
RB2                               00000002
RB3                               00000003
RB4                               00000004
RB5                               00000005
RB6                               00000006
RB7                               00000007
RBIE                              00000003
RBIF                              00000000
RBIP                              00000000
RBPU                              00000007
RC0                               00000000
RC1                               00000001
RC2                               00000002
RC3                               00000003
RC4                               00000004
RC5                               00000005
RC6                               00000006
RC7                               00000007
RCIDL                             00000006
RCIE                              00000005
RCIF                              00000005
RCIP                              00000005
RCMT                              00000006
RCON                              00000FD0
RCREG                             00000FAE
RCSTA                             00000FAB
RD                                00000000
RD16                              00000007
RE3                               00000003
READ_WRITE                        00000002
RESEN                             00000006
RI                                00000004
RX                                00000007
RX9                               00000006
RX9D                              00000000
RXDTP                             00000005
R_NOT_W                           00000002
R_W                               00000002
S                                 00000003
MPASM  5.43                       SERVICE.ASM   2-15-2020  17:14:51         PAGE 21


SYMBOL TABLE
  LABEL                             VALUE 

SASEL0                            00000000
SASEL1                            00000001
SBSEL0                            00000004
SBSEL1                            00000005
SCK                               00000005
SCKP                              00000004
SCL                               00000005
SCS0                              00000000
SCS1                              00000001
SCSEL0                            00000002
SCSEL1                            00000003
SDA                               00000004
SDI                               00000004
SDO                               00000007
SDSEL0                            00000006
SDSEL1                            00000007
SENDB                             00000003
SEVOPS0                           00000004
SEVOPS1                           00000005
SEVOPS2                           00000006
SEVOPS3                           00000007
SEVTCMPH                          00000F70
SEVTCMPL                          00000F71
SEVTDIR                           00000003
SMP                               00000007
SONG_START                        0000000F
SONG_START_INV                    0000000E
SPBRG                             00000FAF
SPBRGH                            00000FB0
SPEN                              00000007
SREN                              00000005
SS                                00000006
SSPADD                            00000FC8
SSPBUF                            00000FC9
SSPCON                            00000FC6
SSPEN                             00000005
SSPIE                             00000003
SSPIF                             00000003
SSPIP                             00000003
SSPM0                             00000000
SSPM1                             00000001
SSPM2                             00000002
SSPM3                             00000003
SSPOV                             00000006
SSPSTAT                           00000FC7
SSRC0                             00000000
SSRC1                             00000001
SSRC2                             00000002
SSRC3                             00000003
SSRC4                             00000004
STATUS                            00000FD8
STKFUL                            00000007
STKOVF                            00000007
MPASM  5.43                       SERVICE.ASM   2-15-2020  17:14:51         PAGE 22


SYMBOL TABLE
  LABEL                             VALUE 

STKPTR                            00000FFC
STKPTR0                           00000000
STKPTR1                           00000001
STKPTR2                           00000002
STKPTR3                           00000003
STKPTR4                           00000004
STKUNF                            00000006
ST_TMP                            0000001B
SWDTEN                            00000000
SYNC                              00000004
SYS_EX_DATA                       00000010
T016BIT                           00000006
T0CKI                             00000003
T0CON                             00000FD5
T0CS                              00000005
T0IE                              00000005
T0IF                              00000002
T0IP                              00000002
T0PS0                             00000000
T0PS1                             00000001
T0PS2                             00000002
T0PS3                             00000003
T0SE                              00000004
T13CKI                            00000000
T1CKPS0                           00000004
T1CKPS1                           00000005
T1CON                             00000FCD
T1INSYNC                          00000002
T1OSCEN                           00000003
T1OSI                             00000001
T1OSO                             00000000
T1RUN                             00000006
T1SYNC                            00000002
T2CKPS0                           00000000
T2CKPS1                           00000001
T2CON                             00000FCA
T2OUTPS0                          00000003
T2OUTPS1                          00000004
T2OUTPS2                          00000005
T2OUTPS3                          00000006
T5CKI                             00000003
T5CON                             00000FB7
T5MOD                             00000005
T5PS0                             00000003
T5PS1                             00000004
T5SEN                             00000007
T5SYNC                            00000002
TABLAT                            00000FF5
TBIE                              00000004
TBIF                              00000004
TBIP                              00000004
TBLPTR                            00000FF6
TBLPTRH                           00000FF7
MPASM  5.43                       SERVICE.ASM   2-15-2020  17:14:51         PAGE 23


SYMBOL TABLE
  LABEL                             VALUE 

TBLPTRL                           00000FF6
TBLPTRU                           00000FF8
TMP_CV_BYTE_H                     00000029
TMP_CV_BYTE_L                     00000028
TMR0                              00000FD6
TMR0H                             00000FD7
TMR0IE                            00000005
TMR0IF                            00000002
TMR0IP                            00000002
TMR0L                             00000FD6
TMR0ON                            00000007
TMR1                              00000FCE
TMR1CS                            00000001
TMR1H                             00000FCF
TMR1IE                            00000000
TMR1IF                            00000000
TMR1IP                            00000000
TMR1L                             00000FCE
TMR1ON                            00000000
TMR2                              00000FCC
TMR2IE                            00000001
TMR2IF                            00000001
TMR2IP                            00000001
TMR2ON                            00000002
TMR5                              00000F87
TMR5CS                            00000001
TMR5H                             00000F88
TMR5IE                            00000000
TMR5IF                            00000000
TMR5IP                            00000000
TMR5L                             00000F87
TMR5ON                            00000000
TO                                00000003
TOS                               00000FFD
TOSH                              00000FFE
TOSL                              00000FFD
TOSU                              00000FFF
TOUTPS0                           00000003
TOUTPS1                           00000004
TOUTPS2                           00000005
TOUTPS3                           00000006
TRISA                             00000F92
TRISA0                            00000000
TRISA1                            00000001
TRISA2                            00000002
TRISA3                            00000003
TRISA4                            00000004
TRISA6                            00000006
TRISA7                            00000007
TRISB                             00000F93
TRISB0                            00000000
TRISB1                            00000001
TRISB2                            00000002
MPASM  5.43                       SERVICE.ASM   2-15-2020  17:14:51         PAGE 24


SYMBOL TABLE
  LABEL                             VALUE 

TRISB3                            00000003
TRISB4                            00000004
TRISB5                            00000005
TRISB6                            00000006
TRISB7                            00000007
TRISC                             00000F94
TRISC0                            00000000
TRISC1                            00000001
TRISC2                            00000002
TRISC3                            00000003
TRISC4                            00000004
TRISC5                            00000005
TRISC6                            00000006
TRISC7                            00000007
TRMT                              00000001
TUN0                              00000000
TUN1                              00000001
TUN2                              00000002
TUN3                              00000003
TUN4                              00000004
TUN5                              00000005
TX                                00000006
TX9                               00000006
TX9D                              00000000
TXCKP                             00000004
TXEN                              00000005
TXIE                              00000004
TXIF                              00000004
TXIP                              00000004
TXREG                             00000FAD
TXSTA                             00000FAC
UA                                00000001
UDIS                              00000001
UP                                00000005
UPDOWN                            00000005
UP_DOWN                           00000005
UP_NOT_DOWN                       00000005
VCFG0                             00000006
VCFG1                             00000007
VELM                              00000007
VELRH                             00000F69
VELRL                             00000F68
VREFM                             00000002
VREFP                             00000003
W                                 00000000
WCOL                              00000007
WDTCON                            00000FD1
WDTW                              00000007
WR                                00000001
WREG                              00000FE8
WREN                              00000002
WRERR                             00000003
WUE                               00000001
MPASM  5.43                       SERVICE.ASM   2-15-2020  17:14:51         PAGE 25


SYMBOL TABLE
  LABEL                             VALUE 

W_TMP                             0000001A
Z                                 00000002
_BOREN_OFF_2L                     000000FD
_BOREN_ON_2L                      000000FF
_BORV_20_2L                       000000FF
_BORV_27_2L                       000000FB
_BORV_42_2L                       000000F7
_BORV_45_2L                       000000F3
_CHECK_BYTE                       000001B8
_CHECK_BYTE_TYPE                  000000E4
_CHECK_RC                         0000000C
_CLOCK_COUNTER_24                 00000044
_CLOCK_COUNTER_24_END             0000005A
_CLOCK_COUNTER_32                 0000005C
_CLOCK_COUNTER_32_END             00000072
_CLOCK_COUNTER_96                 00000074
_CLOCK_COUNTER_96_END             0000008A
_CONFIG1H                         00300001
_CONFIG2H                         00300003
_CONFIG2L                         00300002
_CONFIG3H                         00300005
_CONFIG3L                         00300004
_CONFIG4L                         00300006
_CONFIG5H                         00300009
_CONFIG5L                         00300008
_CONFIG6H                         0030000B
_CONFIG6L                         0030000A
_CONFIG7H                         0030000D
_CONFIG7L                         0030000C
_CP0_OFF_5L                       000000FF
_CP0_ON_5L                        000000FE
_CP1_OFF_5L                       000000FF
_CP1_ON_5L                        000000FD
_CP2_OFF_5L                       000000FF
_CP2_ON_5L                        000000FB
_CP3_OFF_5L                       000000FF
_CP3_ON_5L                        000000F7
_CPB_OFF_5H                       000000FF
_CPB_ON_5H                        000000BF
_CPD_OFF_5H                       000000FF
_CPD_ON_5H                        0000007F
_CREATE_OFFSET                    000001D6
_DEBUG_OFF_4L                     000000FF
_DEBUG_ON_4L                      0000007F
_DEVID1                           003FFFFE
_DEVID2                           003FFFFF
_EBTR0_OFF_7L                     000000FF
_EBTR0_ON_7L                      000000FE
_EBTR1_OFF_7L                     000000FF
_EBTR1_ON_7L                      000000FD
_EBTR2_OFF_7L                     000000FF
_EBTR2_ON_7L                      000000FB
_EBTR3_OFF_7L                     000000FF
MPASM  5.43                       SERVICE.ASM   2-15-2020  17:14:51         PAGE 26


SYMBOL TABLE
  LABEL                             VALUE 

_EBTR3_ON_7L                      000000F7
_EBTRB_OFF_7H                     000000FF
_EBTRB_ON_7H                      000000BF
_EXIT_SERVICE                     00000012
_FCMEN_OFF_1H                     000000BF
_FCMEN_ON_1H                      000000FF
_HANDLE_RC                        0000001E
_HPOL_HIGH_3L                     000000FF
_HPOL_LOW_3L                      000000EF
_IDLOC0                           00200000
_IDLOC1                           00200001
_IDLOC2                           00200002
_IDLOC3                           00200003
_IDLOC4                           00200004
_IDLOC5                           00200005
_IDLOC6                           00200006
_IDLOC7                           00200007
_IESO_OFF_1H                      0000007F
_IESO_ON_1H                       000000FF
_LPOL_HIGH_3L                     000000FF
_LPOL_LOW_3L                      000000F7
_LVP_OFF_4L                       000000FB
_LVP_ON_4L                        000000FF
_MCLRE_OFF_3H                     0000007F
_MCLRE_ON_3H                      000000FF
_MOFFSET_AS                       0000002A
_MOFFSET_CC                       00000006
_MOFFSET_CONT_SONG                00000024
_MOFFSET_CP                       0000000A
_MOFFSET_F1                       00000010
_MOFFSET_KP                       00000004
_MOFFSET_NONE                     0000002E
_MOFFSET_NOTE_OFF                 00000000
_MOFFSET_NOTE_ON                  00000002
_MOFFSET_PB                       0000000C
_MOFFSET_PC                       00000008
_MOFFSET_SP                       00000012
_MOFFSET_SS                       00000014
_MOFFSET_START_SONG               00000022
_MOFFSET_STOP_SONG                00000026
_MOFFSET_SYS_EX                   0000000E
_MOFFSET_SYS_EX_END               0000001C
_MOFFSET_SYS_RESET                0000002C
_MOFFSET_TR                       0000001A
_MOFFSET_TT                       0000001E
_MOFFSET_UBS                      00000018
_MOSSFEST_F4                      00000016
_MOSSFEST_F9                      00000020
_MOSSFEST_FD                      00000028
_MSTATE_AS                        000001A0
_MSTATE_CC                        00000134
_MSTATE_CONT_SONG                 0000018E
_MSTATE_CP                        00000140
MPASM  5.43                       SERVICE.ASM   2-15-2020  17:14:51         PAGE 27


SYMBOL TABLE
  LABEL                             VALUE 

_MSTATE_F4                        00000164
_MSTATE_F9                        00000182
_MSTATE_FD                        0000019A
_MSTATE_KP                        0000012E
_MSTATE_NONE                      000001A8
_MSTATE_NOTE_OFF                  00000126
_MSTATE_NOTE_ON                   0000012A
_MSTATE_PB                        00000146
_MSTATE_PC                        0000013A
_MSTATE_SP                        00000158
_MSTATE_SS                        0000015E
_MSTATE_START_SONG                00000188
_MSTATE_STOP_SONG                 00000194
_MSTATE_SYS_EX                    0000014C
_MSTATE_SYS_EX_END                00000176
_MSTATE_SYS_RESET                 000001A6
_MSTATE_TC                        00000152
_MSTATE_TR                        00000170
_MSTATE_TT                        0000017C
_MSTATE_UBS                       0000016A
_NOT_CLOCK                        00000096
_NOT_SONG_START                   000000B0
_NOT_SONG_STOP                    000000C0
_OSC_ECIO_1H                      000000F5
_OSC_EC_1H                        000000F4
_OSC_HSPLL_1H                     000000F6
_OSC_HS_1H                        000000F2
_OSC_IRCIO_1H                     000000F8
_OSC_IRC_1H                       000000F9
_OSC_LP_1H                        000000F0
_OSC_RC1_1H                       000000FA
_OSC_RC2_1H                       000000F3
_OSC_RCIO_1H                      000000F7
_OSC_RC_1H                        000000FC
_OSC_XT_1H                        000000F1
_PROCESS_MESSAGE                  000000EC
_PROCESS_NON_CLOCK_MESSAGE        000000EC
_PROCESS_STATUS                   000001AC
_PROCESS_SYS_EX                   000000CC
_PROCESS_SYS_EX_DATA              000000DC
_PROCSES_SYS_EX_END               000000D4
_PWMPIN_OFF_3L                    000000FF
_PWMPIN_ON_3L                     000000FB
_PWRTEN_OFF_2L                    000000FF
_PWRTEN_ON_2L                     000000FE
_RC_CLEANUP                       00000120
_RESTORE_CTX                      
_SAVE_CTX                         
_SERVICE_HI                       00000002
_SERVICE_LO                       00000000
_SET_STD_MSG                      000001C0
_SET_SYSTEM_MSG                   000001D0
_SKIP_TICK_ON_SONG_START          00000090
MPASM  5.43                       SERVICE.ASM   2-15-2020  17:14:51         PAGE 28


SYMBOL TABLE
  LABEL                             VALUE 

_STVREN_OFF_4L                    000000FE
_STVREN_ON_4L                     000000FF
_T1OSCMX_OFF_3L                   000000DF
_T1OSCMX_ON_3L                    000000FF
_WDPS_1024_2H                     000000F5
_WDPS_128_2H                      000000EF
_WDPS_16384_2H                    000000FD
_WDPS_16_2H                       000000E9
_WDPS_1_2H                        000000E1
_WDPS_2048_2H                     000000F7
_WDPS_256_2H                      000000F1
_WDPS_2_2H                        000000E3
_WDPS_32768_2H                    000000FF
_WDPS_32_2H                       000000EB
_WDPS_4096_2H                     000000F9
_WDPS_4_2H                        000000E5
_WDPS_512_2H                      000000F3
_WDPS_64_2H                       000000ED
_WDPS_8192_2H                     000000FB
_WDPS_8_2H                        000000E7
_WDTEN_OFF_2H                     000000FE
_WDTEN_ON_2H                      000000FF
_WINEN_OFF_2H                     000000FF
_WINEN_ON_2H                      000000DF
_WRT0_OFF_6L                      000000FF
_WRT0_ON_6L                       000000FE
_WRT1_OFF_6L                      000000FF
_WRT1_ON_6L                       000000FD
_WRT2_OFF_6L                      000000FF
_WRT2_ON_6L                       000000FB
_WRT3_OFF_6L                      000000FF
_WRT3_ON_6L                       000000F7
_WRTB_OFF_6H                      000000FF
_WRTB_ON_6H                       000000BF
_WRTC_OFF_6H                      000000FF
_WRTC_ON_6H                       000000DF
_WRTD_OFF_6H                      000000FF
_WRTD_ON_6H                       0000007F
__18F2431                         00000001

Errors   :     0
Warnings :     0 reported,     0 suppressed
Messages :     0 reported,     0 suppressed

