MPASM  5.43                       SERVICE.ASM   3-1-2016  23:35:18         PAGE  1


LOC  OBJECT CODE     LINE SOURCE TEXT
  VALUE

                      00001 ; Interrupt service handlers
                      00002 
                      00003 #include p18f2431.inc
                      00001         LIST
                      00002 
                      00003 ;==========================================================================
                      00004 ;  MPASM PIC18F2431 processor include
                      00005 ; 
                      00006 ;  (c) Copyright 1999-2011 Microchip Technology, All rights reserved
                      00007 ;==========================================================================
                      00008 
                      01464         LIST
                      00004 #include inc/vars.inc
                      00001 ; ------------------------------------------------------------------------------
                      00002 ; Variables
                      00003 
                      00004         cblock  0x0000          ; start addresses in user register space
                      00005 
                      00006 ;------ Shared variables
  00000000            00007         CUR_BYTE                ; Completed byte read by service code
                      00008 
                      00009         
  00000001            00010         CV_FLAGS                ; Set of flags to indicate which PWM values have been updated
                      00011 
  00000002            00012         CV_PITCH                ; Current value for note Pitch (or VEL1 in MODE1)
  00000003            00013         CV_VELOCITY             ; Current value for note Velocity (or VEL2 in MODE1)
  00000004            00014         CV_MOD                  ; Current value for the Mod Wheel (or VEL3 in MODE1)
  00000005            00015         CV_GATE                 ; Current gate settings (bits 0-4) 
                      00016 
  00000006            00017         SYS_EX_DATA             ; Current Sysex byte (set to 0xF7 if no data)
                      00018 
                      00019 ;------ service.asm variables
  00000007            00020         W_TMP                   ; Storage for W register during interrupt
  00000008            00021         ST_TMP                  ; Storage for STATUS register during interrupt
  00000009            00022         BSR_TMP                 ; Storage for BSR register during interrupt
                      00023 
  0000000A            00024         MIDI_STATE              ; Current midi state offset
  0000000B            00025         MIDI_STATE_TMP          ; Used to store the last midi state when in SysEx mode
  0000000C            00026         MSG_COUNT               ; Counts the number of msg params passed
  0000000D            00027         CC_NUM                  ; Holds the controller number for the CC message
  0000000E            00028         MSG_CHAN                ; Holds the working MIDI channel number
  0000000F            00029         MSG_PITCH               ; Holds the working pitch that may be pushed live
  00000010            00030         MSG_VELOCITY            ; Holds the working velocity that may be pushed live
                      00031 
                      00032 ;------ midi.asm variables
  00000011            00033         TMP_CV_BYTE_L           ; Holds a temp value for pushing CV values to the PWM registers
  00000012            00034         TMP_CV_BYTE_H
                      00035 
                      00036 ;------ midi.read.int.asm variables (entry point)
                      00037 
                      00038         endc
                      00039 
                      00040 
MPASM  5.43                       SERVICE.ASM   3-1-2016  23:35:18         PAGE  2


LOC  OBJECT CODE     LINE SOURCE TEXT
  VALUE

                      00041 ; ------------------------------------------------------------------------------
                      00042 ; Constants
                      00043 ;
  00000000            00044 CV_DATA_LKP:    equ     0x00    ; EEPROM base Address of CV Controller data lookup
  00000080            00045 CV_NOTE_LKP:    equ     0x80    ; EEPROM base Address CV Note data lookup
                      00046 
                      00047 ; CV_FLAGS
  00000000            00048 CVF_PITCH:      equ     0x00    ; MODE0
  00000001            00049 CVF_VELOCITY:   equ     0x01    ; MODE0
  00000002            00050 CVF_MOD:        equ     0x02    ; MODE0
                      00051 
  00000000            00052 _MOFFSET_NOTE_OFF:      equ     0x00    ; 0x8c
  00000002            00053 _MOFFSET_NOTE_ON:       equ     0x02    ; 0x9c
  00000004            00054 _MOFFSET_KP:            equ     0x04    ; 0xAc
  00000006            00055 _MOFFSET_CC:            equ     0x06    ; 0xBc
  00000008            00056 _MOFFSET_PC:            equ     0x08    ; 0xCc
  0000000A            00057 _MOFFSET_CP:            equ     0x0A    ; 0xDc
  0000000C            00058 _MOFFSET_PB:            equ     0x0C    ; 0xEc
  0000000E            00059 _MOFFSET_SYS_EX:        equ     0x0E    ; 0xF0
  00000010            00060 _MOFFSET_F1:            equ     0x10    ; 0xF1
  00000012            00061 _MOFFSET_SP:            equ     0x12    ; 0xF2
  00000014            00062 _MOFFSET_SS:            equ     0x14    ; 0xF3
  00000016            00063 _MOSSFEST_F4:           equ     0x16    ; 0xF4
  00000018            00064 _MOFFSET_UBS:           equ     0x18    ; 0xF5
  0000001A            00065 _MOFFSET_TR:            equ     0x1A    ; 0xF6
  0000001C            00066 _MOFFSET_SYS_EX_END:    equ     0x1C    ; 0xF7
  0000001E            00067 _MOFFSET_TT:            equ     0x1E    ; 0xF8
  00000020            00068 _MOSSFEST_F9:           equ     0x20    ; 0xF9
  00000022            00069 _MOFFSET_START_SONG:    equ     0x22    ; 0xFA
  00000024            00070 _MOFFSET_CONT_SONG:     equ     0x24    ; 0xFB
  00000026            00071 _MOFFSET_STOP_SONG:     equ     0x26    ; 0xFC
  00000028            00072 _MOSSFEST_FD:           equ     0x28    ; 0xFD
  0000002A            00073 _MOFFSET_AS:            equ     0x2A    ; 0xFE
  0000002C            00074 _MOFFSET_SYS_RESET:     equ     0x2C    ; 0xFF
  0000002E            00075 _MOFFSET_NONE:          equ     0x2E
                      00076 
                      00077 ; GATE Mappings
                      00078 ; Bits 0 to 4 of PORT_C represent gates
                      00079 ; Bit 0 represents GATE 5 and Bit 4 represents GATE 1 in v2.0 to match the hardware layout
  00000004            00080 GATE_1:         equ     0x04
  00000003            00081 GATE_2:         equ     0x03
  00000002            00082 GATE_3:         equ     0x02
  00000001            00083 GATE_4:         equ     0x01
  00000000            00084 GATE_5:         equ     0x00
                      00005 
                      00006 ; ------------------------------------------------------------------------------
                      00007 ; Export global code refs
                      00008 ;
  0000                00009         global  _SERVICE_HI
  0000                00010         global  _SERVICE_LO
                      00011 
                      00012 
                      00013 ; ------------------------------------------------------------------------------
MPASM  5.43                       SERVICE.ASM   3-1-2016  23:35:18         PAGE  3


LOC  OBJECT CODE     LINE SOURCE TEXT
  VALUE

                      00014 ; Context SAVE/RESTORE macros
                      00015 ;
                      00016 _SAVE_CTX       macro
                      00017         movwf   W_TMP           ; Save W to W_TEMP register
                      00018         movff   STATUS,ST_TMP   ; Save STATUS to ST_TEMP register
                      00019         movff   BSR,BSR_TMP     ; Save bank select
                      00020         endm
                      00021 
                      00022 _RESTORE_CTX    macro
                      00023         movff   BSR_TMP,BSR     ; Restore bank select
                      00024         movf    W_TMP           ; Restore W
                      00025         movff   ST_TMP,STATUS   ; Restore STATUS
                      00026         endm
                      00027 
                      00028 ; ------------------------------------------------------------------------------
                      00029 ; Dispatcher for interrupt handlers
                      00030 ;
                      00031 .SERVICE        code    ; Relocatable code for interrupt handler
000000                00032 _SERVICE_LO:
                      00033         ; Not used
000000 0010           00034         retfie
                      00035 
000002                00036 _SERVICE_HI:
                      00037         _SAVE_CTX
000002 6E07               M         movwf   W_TMP           ; Save W to W_TEMP register
000004 CFD8 F008          M         movff   STATUS,ST_TMP   ; Save STATUS to ST_TEMP register
000008 CFE0 F009          M         movff   BSR,BSR_TMP     ; Save bank select
                      00038 
                      00039 ; Assumes only one interrupt will be enabled at a time
00000C                00040 _CHECK_RC:
00000C BA9E           00041         btfsc   PIR1,RCIF       ; Check for Serial RX interrupt (MIDI IN - byte read)
00000E EF?? F???      00042         goto    _HANDLE_RC
                      00043 
000012                00044 _EXIT_SERVICE:
                      00045         _RESTORE_CTX
000012 C009 FFE0          M         movff   BSR_TMP,BSR     ; Restore bank select
000016 5207               M         movf    W_TMP           ; Restore W
000018 C008 FFD8          M         movff   ST_TMP,STATUS   ; Restore STATUS
                      00046 
00001C 0010           00047         retfie
                      00048 
                      00049 
                      00050 ; ------------------------------------------------------------------------------
                      00051 ; Handler for MIDI IN over Serial RX
                      00052 ;
00001E                00053 _HANDLE_RC:
00001E CFAE F000      00054         movff   RCREG,CUR_BYTE  ; Copy received byte to CUR_BYTE
                      00055 
                      00056         ; First, check to see if we are in SysEx mode
000022 0E0E           00057         movlw   _MOFFSET_SYS_EX
000024 620A           00058         cpfseq  MIDI_STATE
000026 EF?? F???      00059         goto    _CHECK_BYTE_TYPE
                      00060 
MPASM  5.43                       SERVICE.ASM   3-1-2016  23:35:18         PAGE  4


LOC  OBJECT CODE     LINE SOURCE TEXT
  VALUE

00002A                00061 _MSTATE_SYS_EX:
00002A 0EF7           00062         movlw   0xF7
00002C 6200           00063         cpfseq  CUR_BYTE
00002E EF?? F???      00064         goto    _PROCESS_SYS_EX_DATA
000032                00065 _PROCSES_SYS_EX_END:
000032 C00B F00A      00066         movff   MIDI_STATE_TMP,MIDI_STATE       ; Restore the last state before the SYS_EX message came 
                            in
000036 EF?? F???      00067         goto    _RC_CLEANUP
00003A                00068 _PROCESS_SYS_EX_DATA:
00003A C000 F006      00069         movff   CUR_BYTE,SYS_EX_DATA
00003E EF?? F???      00070         goto    _RC_CLEANUP
                      00071 
000042                00072 _CHECK_BYTE_TYPE:
000042 0E80           00073         movlw   0x80            ; Check to see if we have a status or a message byte
000044 6000           00074         cpfslt  CUR_BYTE
000046 EF?? F???      00075         goto    _PROCESS_STATUS
                      00076 
                      00077 ; ------------------------------------------------------------------------------
                      00078 ; Process MIDI Message byte
                      00079 ;
                      00080 
00004A                00081 _PROCESS_MESSAGE:
                      00082 ; Branch based on which state we are in
00004A 500A           00083         movf    MIDI_STATE,W    ; State setting represents offset into jump table
00004C 26F9           00084         addwf   PCL,F
00004E D???           00085         bra     _MSTATE_NOTE_OFF
000050 D???           00086         bra     _MSTATE_NOTE_ON
000052 D???           00087         bra     _MSTATE_KP
000054 D???           00088         bra     _MSTATE_CC
000056 D???           00089         bra     _MSTATE_PC
000058 D???           00090         bra     _MSTATE_CP
00005A D???           00091         bra     _MSTATE_PB
00005C D???           00092         bra     _MSTATE_SYS_EX          ; Never called from here
00005E D???           00093         bra     _MSTATE_F1              ; Never called
000060 D???           00094         bra     _MSTATE_SP
000062 D???           00095         bra     _MSTATE_SS
000064 D???           00096         bra     _MSTATE_F4              ; Never called
000066 D???           00097         bra     _MSTATE_UBS
000068 D???           00098         bra     _MSTATE_TR
00006A D???           00099         bra     _MSTATE_SYS_EX_END      ; Never called
00006C D???           00100         bra     _MSTATE_TT
00006E D???           00101         bra     _MSTATE_F9              ; Never called
000070 D???           00102         bra     _MSTATE_START_SONG
000072 D???           00103         bra     _MSTATE_CONT_SONG
000074 D???           00104         bra     _MSTATE_STOP_SONG
000076 D???           00105         bra     _MSTATE_FD
000078 D???           00106         bra     _MSTATE_AS
00007A D???           00107         bra     _MSTATE_SYS_RESET
00007C D???           00108         bra     _MSTATE_NONE            ; Only ever called if a midi message byte arrives before a statu
                            s byte after reset
                      00109 
00007E                00110 _RC_CLEANUP:
00007E 9A9E           00111         bcf     PIR1,RCIF       ; Clear Serial RX interrupt
MPASM  5.43                       SERVICE.ASM   3-1-2016  23:35:18         PAGE  5


LOC  OBJECT CODE     LINE SOURCE TEXT
  VALUE

000080 EF?? F???      00112         goto    _EXIT_SERVICE
                      00113 
                      00114 
                      00115 ; ------------------------------------------------------------------------------
                      00116 ; Midi message processing based on current state
                      00117 ;
000084                00118 _MSTATE_NOTE_OFF:
000084 B080           00119         btfsc   PORTA,0                 ; Check MIDI MODE
000086 EF?? F???      00120         goto    _MSTATE_NOTE_OFF_MODE_1
00008A B00C           00121         btfsc   MSG_COUNT,0
00008C EF?? F???      00122         goto    _PROCESS_VELOCITY_NOTE_OFF
000090                00123 _PROCSES_PITCH_NOTE_OFF:
000090 C000 F00F      00124         movff   CUR_BYTE,MSG_PITCH
000094 2A0C           00125         incf    MSG_COUNT
000096 EF?? F???      00126         goto    _RC_CLEANUP
00009A                00127 _PROCESS_VELOCITY_NOTE_OFF:
00009A C000 F010      00128         movff   CUR_BYTE,MSG_VELOCITY
00009E                00129 _PROCESS_VELOCITY_NOTE_OFF2:
00009E 500F           00130         movf    MSG_PITCH,W
0000A0 6202           00131         cpfseq  CV_PITCH
0000A2 EF?? F???      00132         goto    _END_NOTE_OFF                   ; Ignore note off, since a new note-on has been triggere
                            d since
0000A6                00133 _PUT_NOTE_OFF_LIVE:
0000A6 C00F F002      00134         movff   MSG_PITCH,CV_PITCH              ; Push the velocity and pitch live
0000AA 8001           00135         bsf     CV_FLAGS,CVF_PITCH              ; Flag PITCH and VELOCITY as updated
0000AC C010 F003      00136         movff   MSG_VELOCITY,CV_VELOCITY
0000B0 8201           00137         bsf     CV_FLAGS,CVF_VELOCITY
0000B2 9805           00138         bcf     CV_GATE,GATE_1                  ; Clear GATE
0000B4                00139 _END_NOTE_OFF:
0000B4 6A0C           00140         clrf    MSG_COUNT                       ; Reset message count
0000B6 EF?? F???      00141         goto    _RC_CLEANUP
                      00142 
0000BA                00143 _MSTATE_NOTE_OFF_MODE_1:
0000BA B00C           00144         btfsc   MSG_COUNT,0
0000BC EF?? F???      00145         goto    _PROCESS_VELOCITY_NOTE_OFF_M1
0000C0                00146 _PROCSES_PITCH_NOTE_OFF_M1:
0000C0 C000 F00F      00147         movff   CUR_BYTE,MSG_PITCH
0000C4 2A0C           00148         incf    MSG_COUNT
0000C6 EF?? F???      00149         goto    _RC_CLEANUP
0000CA                00150 _PROCESS_VELOCITY_NOTE_OFF_M1:
0000CA 0E17           00151         movlw   0x17                            ; Filter notes C1 to E1 (0x18 to 0x1C)
0000CC 640F           00152         cpfsgt  MSG_PITCH
0000CE EF?? F???      00153         goto    _RC_CLEANUP
0000D2 0E1D           00154         movlw   0x1D
0000D4 600F           00155         cpfslt  MSG_PITCH
0000D6 EF?? F???      00156         goto    _RC_CLEANUP
0000DA C000 F010      00157         movff   CUR_BYTE,MSG_VELOCITY
0000DE                00158 _PROCESS_VELOCITY_NOTE_OFF2_M1:
0000DE                00159 _PUT_NOTE_OFF_LIVE_M1:
0000DE 0E1C           00160         movlw   0x1C                            ; Jump to correct handler for each supported note
0000E0 600F           00161         cpfslt  MSG_PITCH
0000E2 EF?? F???      00162         goto    _PROCESS_NOTE_OFF_GATE5
0000E6 0E1B           00163         movlw   0x1B
MPASM  5.43                       SERVICE.ASM   3-1-2016  23:35:18         PAGE  6


LOC  OBJECT CODE     LINE SOURCE TEXT
  VALUE

0000E8 600F           00164         cpfslt  MSG_PITCH
0000EA EF?? F???      00165         goto    _PROCESS_NOTE_OFF_GATE4
0000EE 0E1A           00166         movlw   0x1A
0000F0 600F           00167         cpfslt  MSG_PITCH
0000F2 EF?? F???      00168         goto    _PROCESS_NOTE_OFF_GATE3
0000F6 0E19           00169         movlw   0x19
0000F8 600F           00170         cpfslt  MSG_PITCH
0000FA EF?? F???      00171         goto    _PROCESS_NOTE_OFF_GATE2
0000FE                00172 _PROCESS_NOTE_OFF_GATE1:
0000FE C010 F002      00173         movff   MSG_VELOCITY,CV_PITCH           ; PWM1
000102 8001           00174         bsf     CV_FLAGS,CVF_PITCH
000104 9805           00175         bcf     CV_GATE,GATE_1                  ; Clear GATE1
000106 6A0C           00176         clrf    MSG_COUNT                       ; Reset message count
000108 EF?? F???      00177         goto    _RC_CLEANUP
00010C                00178 _PROCESS_NOTE_OFF_GATE2:
00010C C010 F003      00179         movff   MSG_VELOCITY,CV_VELOCITY        ; PWM3
000110 8201           00180         bsf     CV_FLAGS,CVF_VELOCITY
000112 9605           00181         bcf     CV_GATE,GATE_2                  ; Clear GATE2
000114 6A0C           00182         clrf    MSG_COUNT                       ; Reset message count
000116 EF?? F???      00183         goto    _RC_CLEANUP
00011A                00184 _PROCESS_NOTE_OFF_GATE3:
00011A C010 F004      00185         movff   MSG_VELOCITY,CV_MOD             ; PWM5
00011E 8401           00186         bsf     CV_FLAGS,CVF_MOD
000120 9405           00187         bcf     CV_GATE,GATE_3                  ; Clear GATE3
000122 6A0C           00188         clrf    MSG_COUNT                       ; Reset message count
000124 EF?? F???      00189         goto    _RC_CLEANUP
000128                00190 _PROCESS_NOTE_OFF_GATE4:
000128 9205           00191         bcf     CV_GATE,GATE_4                  ; Clear GATE4
00012A 6A0C           00192         clrf    MSG_COUNT                       ; Reset message count
00012C EF?? F???      00193         goto    _RC_CLEANUP
000130                00194 _PROCESS_NOTE_OFF_GATE5:
000130 9005           00195         bcf     CV_GATE,GATE_5                  ; Clear GATE5
000132 6A0C           00196         clrf    MSG_COUNT                       ; Reset message count
000134 EF?? F???      00197         goto    _RC_CLEANUP
                      00198 
000138                00199 _MSTATE_NOTE_ON:
000138 B080           00200         btfsc   PORTA,0                         ; Check MIDI MODE
00013A EF?? F???      00201         goto    _MSTATE_NOTE_ON_MODE_1
00013E B00C           00202         btfsc   MSG_COUNT,0
000140 EF?? F???      00203         goto    _PROCESS_VELOCITY_NOTE_ON
000144                00204 _PROCSES_PITCH_NOTE_ON:
000144 C000 F00F      00205         movff   CUR_BYTE,MSG_PITCH
000148 2A0C           00206         incf    MSG_COUNT
00014A EF?? F???      00207         goto    _RC_CLEANUP
00014E                00208 _PROCESS_VELOCITY_NOTE_ON:
00014E C000 F010      00209         movff   CUR_BYTE,MSG_VELOCITY
000152 5210           00210         movf    MSG_VELOCITY,F                  ; Check value of velocity
000154 E0??           00211         bz      _PROCESS_VELOCITY_NOTE_OFF2     ; Vel0 is interpreted as a note off
000156 C00F F002      00212         movff   MSG_PITCH,CV_PITCH              ; Push the velocity and pitch live as new note-on's
                      00213                                                 ; are always published
00015A 8001           00214         bsf     CV_FLAGS,CVF_PITCH              ; Flag PITCH and VELOCITY as updated
00015C C010 F003      00215         movff   MSG_VELOCITY,CV_VELOCITY
000160 8201           00216         bsf     CV_FLAGS,CVF_VELOCITY
MPASM  5.43                       SERVICE.ASM   3-1-2016  23:35:18         PAGE  7


LOC  OBJECT CODE     LINE SOURCE TEXT
  VALUE

000162 8805           00217         bsf     CV_GATE,GATE_1                  ; Trigger GATE
000164 6A0C           00218         clrf    MSG_COUNT                       ; Reset message count
000166 EF?? F???      00219         goto    _RC_CLEANUP
                      00220 
00016A                00221 _MSTATE_NOTE_ON_MODE_1:
00016A B00C           00222         btfsc   MSG_COUNT,0
00016C EF?? F???      00223         goto    _PROCESS_VELOCITY_NOTE_ON_M1
000170                00224 _PROCSES_PITCH_NOTE_ON_M1:
000170 C000 F00F      00225         movff   CUR_BYTE,MSG_PITCH
000174 2A0C           00226         incf    MSG_COUNT
000176 EF?? F???      00227         goto    _RC_CLEANUP
00017A                00228 _PROCESS_VELOCITY_NOTE_ON_M1:
00017A 0E17           00229         movlw   0x17                            ; Filter notes C1 to E1 (0x18 to 0x1C)
00017C 640F           00230         cpfsgt  MSG_PITCH
00017E EF?? F???      00231         goto    _RC_CLEANUP
000182 0E1D           00232         movlw   0x1D
000184 600F           00233         cpfslt  MSG_PITCH
000186 EF?? F???      00234         goto    _RC_CLEANUP
00018A C000 F010      00235         movff   CUR_BYTE,MSG_VELOCITY
00018E 5210           00236         movf    MSG_VELOCITY,F                  ; Check value of velocity
000190 E0??           00237         bz      _PROCESS_VELOCITY_NOTE_OFF2_M1  ; Vel0 is interpreted as a note off
000192 0E1C           00238         movlw   0x1C                            ; Jump to correct handler for each supported note
000194 600F           00239         cpfslt  MSG_PITCH
000196 EF?? F???      00240         goto    _PROCESS_NOTE_ON_GATE5
00019A 0E1B           00241         movlw   0x1B
00019C 600F           00242         cpfslt  MSG_PITCH
00019E EF?? F???      00243         goto    _PROCESS_NOTE_ON_GATE4
0001A2 0E1A           00244         movlw   0x1A
0001A4 600F           00245         cpfslt  MSG_PITCH
0001A6 EF?? F???      00246         goto    _PROCESS_NOTE_ON_GATE3
0001AA 0E19           00247         movlw   0x19
0001AC 600F           00248         cpfslt  MSG_PITCH
0001AE EF?? F???      00249         goto    _PROCESS_NOTE_ON_GATE2
0001B2                00250 _PROCESS_NOTE_ON_GATE1:
0001B2 C010 F002      00251         movff   MSG_VELOCITY,CV_PITCH           ; PWM1
0001B6 8001           00252         bsf     CV_FLAGS,CVF_PITCH
0001B8 8805           00253         bsf     CV_GATE,GATE_1                  ; Trigger GATE1
0001BA 6A0C           00254         clrf    MSG_COUNT                       ; Reset message count
0001BC EF?? F???      00255         goto    _RC_CLEANUP
0001C0                00256 _PROCESS_NOTE_ON_GATE2:
0001C0 C010 F003      00257         movff   MSG_VELOCITY,CV_VELOCITY        ; PWM3
0001C4 8201           00258         bsf     CV_FLAGS,CVF_VELOCITY
0001C6 8605           00259         bsf     CV_GATE,GATE_2                  ; Trigger GATE2
0001C8 6A0C           00260         clrf    MSG_COUNT                       ; Reset message count
0001CA EF?? F???      00261         goto    _RC_CLEANUP
0001CE                00262 _PROCESS_NOTE_ON_GATE3:
0001CE C010 F004      00263         movff   MSG_VELOCITY,CV_MOD             ; PWM5
0001D2 8401           00264         bsf     CV_FLAGS,CVF_MOD
0001D4 8405           00265         bsf     CV_GATE,GATE_3                  ; Trigger GATE3
0001D6 6A0C           00266         clrf    MSG_COUNT                       ; Reset message count
0001D8 EF?? F???      00267         goto    _RC_CLEANUP
0001DC                00268 _PROCESS_NOTE_ON_GATE4:
0001DC 8205           00269         bsf     CV_GATE,GATE_4                  ; Trigger GATE4
MPASM  5.43                       SERVICE.ASM   3-1-2016  23:35:18         PAGE  8


LOC  OBJECT CODE     LINE SOURCE TEXT
  VALUE

0001DE 6A0C           00270         clrf    MSG_COUNT                       ; Reset message count
0001E0 EF?? F???      00271         goto    _RC_CLEANUP
0001E4                00272 _PROCESS_NOTE_ON_GATE5:
0001E4 8005           00273         bsf     CV_GATE,GATE_5                  ; Trigger GATE5
0001E6 6A0C           00274         clrf    MSG_COUNT                       ; Reset message count
0001E8 EF?? F???      00275         goto    _RC_CLEANUP
                      00276 
0001EC                00277 _MSTATE_KP:
0001EC EF?? F???      00278         goto    _RC_CLEANUP
                      00279 
0001F0                00280 _MSTATE_CC:
0001F0 B080           00281         btfsc   PORTA,0                 ; Check MIDI MODE
0001F2 EF?? F???      00282         goto    _RC_CLEANUP             ; Simply ignore CC in MODE1
0001F6 B00C           00283         btfsc   MSG_COUNT,0
0001F8 EF?? F???      00284         goto    _PROCESS_CC01
0001FC                00285 _PROCSES_CNUM:
0001FC C000 F00D      00286         movff   CUR_BYTE,CC_NUM
000200 2A0C           00287         incf    MSG_COUNT
000202 EF?? F???      00288         goto    _RC_CLEANUP
000206                00289 _PROCESS_CC01:
000206 0E01           00290         movlw   0x01                    ; Controller num that we're mapping (Mod Wheel)
000208 620D           00291         cpfseq  CC_NUM                  ; Check to see if this is the controller we want
00020A EF?? F???      00292         goto    _PROCESS_CC02           ; Try next CC Value
00020E C000 F004      00293         movff   CUR_BYTE,CV_MOD         ; Update the CC value
000212 8401           00294         bsf     CV_FLAGS,CVF_MOD
000214 EF?? F???      00295         goto    _END_CVALUE
000218                00296 _PROCESS_CC02:
000218 0E02           00297         movlw   0x02
00021A 620D           00298         cpfseq  CC_NUM                  ; Check CC Value
00021C EF?? F???      00299         goto    _PROCESS_CC03           ; Try next CC Value
000220 0E3F           00300         movlw   0x3F                    ; Check if > 63
000222 6400           00301         cpfsgt  CUR_BYTE
000224 EF?? F???      00302         goto    _CC02_OFF
000228 8605           00303         bsf     CV_GATE,GATE_2          ; Trigger Gate
00022A EF?? F???      00304         goto    _END_CVALUE
00022E                00305 _CC02_OFF:
00022E 9605           00306         bcf     CV_GATE,GATE_2          ; Clear Gate
000230 EF?? F???      00307         goto    _END_CVALUE
000234                00308 _PROCESS_CC03:
000234 0E03           00309         movlw   0x03
000236 620D           00310         cpfseq  CC_NUM                  ; Check CC Value
000238 EF?? F???      00311         goto    _PROCESS_CC04           ; Try next CC Value
00023C 0E3F           00312         movlw   0x3F                    ; Check if > 63
00023E 6400           00313         cpfsgt  CUR_BYTE
000240 EF?? F???      00314         goto    _CC03_OFF
000244 8405           00315         bsf     CV_GATE,GATE_3          ; Trigger Gate
000246 EF?? F???      00316         goto    _END_CVALUE
00024A                00317 _CC03_OFF:
00024A 9405           00318         bcf     CV_GATE,GATE_3          ; Clear Gate
00024C EF?? F???      00319         goto    _END_CVALUE
000250                00320 _PROCESS_CC04:
000250 0E04           00321         movlw   0x04
000252 620D           00322         cpfseq  CC_NUM                  ; Check CC Value
MPASM  5.43                       SERVICE.ASM   3-1-2016  23:35:18         PAGE  9


LOC  OBJECT CODE     LINE SOURCE TEXT
  VALUE

000254 EF?? F???      00323         goto    _PROCESS_CC05           ; Try next CC Value
000258 0E3F           00324         movlw   0x3F                    ; Check if > 63
00025A 6400           00325         cpfsgt  CUR_BYTE
00025C EF?? F???      00326         goto    _CC04_OFF
000260 8205           00327         bsf     CV_GATE,GATE_4          ; Trigger Gate
000262 EF?? F???      00328         goto    _END_CVALUE
000266                00329 _CC04_OFF:
000266 9205           00330         bcf     CV_GATE,GATE_4          ; Clear Gate
000268 EF?? F???      00331         goto    _END_CVALUE
00026C                00332 _PROCESS_CC05:
00026C 0E05           00333         movlw   0x05
00026E 620D           00334         cpfseq  CC_NUM                  ; Check CC Value
000270 EF?? F???      00335         goto    _END_CVALUE             ; CC Must be > 5 so ignore
000274 0E3F           00336         movlw   0x3F                    ; Check if > 63
000276 6400           00337         cpfsgt  CUR_BYTE
000278 EF?? F???      00338         goto    _CC05_OFF
00027C 8005           00339         bsf     CV_GATE,GATE_5          ; Trigger Gate
00027E EF?? F???      00340         goto    _END_CVALUE
000282                00341 _CC05_OFF:
000282 9005           00342         bcf     CV_GATE,GATE_5          ; Clear Gate
000284 EF?? F???      00343         goto    _END_CVALUE
000288                00344 _END_CVALUE:
000288 6A0C           00345         clrf    MSG_COUNT               ; Reset message count
00028A EF?? F???      00346         goto    _RC_CLEANUP
                      00347 
00028E                00348 _MSTATE_PC:
00028E EF?? F???      00349         goto    _RC_CLEANUP
                      00350 
000292                00351 _MSTATE_CP:
000292 EF?? F???      00352         goto    _RC_CLEANUP
                      00353 
000296                00354 _MSTATE_PB:
000296 EF?? F???      00355         goto    _RC_CLEANUP
                      00356 
00029A                00357 _MSTATE_F1:
00029A EF?? F???      00358         goto    _RC_CLEANUP
                      00359 
00029E                00360 _MSTATE_SP:
00029E EF?? F???      00361         goto    _RC_CLEANUP
                      00362 
0002A2                00363 _MSTATE_SS:
0002A2 EF?? F???      00364         goto    _RC_CLEANUP
                      00365 
0002A6                00366 _MSTATE_F4:
0002A6 EF?? F???      00367         goto    _RC_CLEANUP
                      00368 
0002AA                00369 _MSTATE_UBS:
0002AA EF?? F???      00370         goto    _RC_CLEANUP
                      00371 
0002AE                00372 _MSTATE_TR:
0002AE EF?? F???      00373         goto    _RC_CLEANUP
                      00374 
0002B2                00375 _MSTATE_SYS_EX_END:
MPASM  5.43                       SERVICE.ASM   3-1-2016  23:35:18         PAGE 10


LOC  OBJECT CODE     LINE SOURCE TEXT
  VALUE

0002B2 EF?? F???      00376         goto    _RC_CLEANUP
                      00377 
0002B6                00378 _MSTATE_TT:
0002B6 EF?? F???      00379         goto    _RC_CLEANUP
                      00380 
0002BA                00381 _MSTATE_F9:
0002BA EF?? F???      00382         goto    _RC_CLEANUP
                      00383 
0002BE                00384 _MSTATE_START_SONG:
0002BE EF?? F???      00385         goto    _RC_CLEANUP
                      00386 
0002C2                00387 _MSTATE_CONT_SONG:
0002C2 EF?? F???      00388         goto    _RC_CLEANUP
                      00389 
0002C6                00390 _MSTATE_STOP_SONG:
0002C6 EF?? F???      00391         goto    _RC_CLEANUP
                      00392 
0002CA                00393 _MSTATE_FD:
0002CA EF?? F???      00394         goto    _RC_CLEANUP
                      00395 
0002CE                00396 _MSTATE_AS:
0002CE EF?? F???      00397         goto    _RC_CLEANUP
                      00398 
0002D2                00399 _MSTATE_SYS_RESET:
0002D2 00FF           00400         reset
                      00401 
0002D4                00402 _MSTATE_NONE:   ; Ignore non-status bytes
0002D4 EF?? F???      00403         goto    _RC_CLEANUP
                      00404 
                      00405 
                      00406 ; ------------------------------------------------------------------------------
                      00407 ; Process MIDI Status byte
                      00408 ;
0002D8                00409 _PROCESS_STATUS:
0002D8 0EF0           00410         movlw   0xF0            ; Check for sysex
0002DA 6200           00411         cpfseq  CUR_BYTE
0002DC EF?? F???      00412         goto    _CHECK_BYTE
0002E0 C00A F00B      00413         movff   MIDI_STATE,MIDI_STATE_TMP       ; Store the current status if sysex start
0002E4                00414 _CHECK_BYTE:
0002E4 0EF0           00415         movlw   0xF0            ; Check for system message
0002E6 6000           00416         cpfslt  CUR_BYTE
0002E8 EF?? F???      00417         goto    _SET_SYSTEM_MSG
0002EC                00418 _SET_STD_MSG:
                      00419 ;       movf    CUR_BYTE,W
                      00420 ;       andlw   0x0F            ; Extract MIDI chan
                      00421 ;       movwf   MIDI_CHAN
0002EC 5000           00422         movf    CUR_BYTE,W
0002EE 0B70           00423         andlw   0x70            ; Extract status code and drop MSb
0002F0 3AE8           00424         swapf   WREG
0002F2 EF?? F???      00425         goto    _CREATE_OFFSET
0002F6                00426 _SET_SYSTEM_MSG:
0002F6 5000           00427         movf    CUR_BYTE,W
0002F8 0B0F           00428         andlw   0x0F            ; We only need the first nibble since we know this is a Sys message
MPASM  5.43                       SERVICE.ASM   3-1-2016  23:35:18         PAGE 11


LOC  OBJECT CODE     LINE SOURCE TEXT
  VALUE

0002FA 0F07           00429         addlw   0x07            ; Add 7 to scale this up
0002FC                00430 _CREATE_OFFSET:
0002FC 46E8           00431         rlncf   WREG            ; create an offset mapping by mult x 2
0002FE 6E0A           00432         movwf   MIDI_STATE
000300 6A0C           00433         clrf    MSG_COUNT       ; Reset message count
                      00434 
                      00435         ; Check to see if we need to process the sys messge now (F6 and above do not have any addtional 
                            mesage bytes)
000302 0EF6           00436         movlw   0xF6
000304 6000           00437         cpfslt  CUR_BYTE
000306 EF?? F???      00438         goto    _PROCESS_MESSAGE
                      00439 
00030A EF?? F???      00440         goto    _RC_CLEANUP
                      00441 
                      00442 
                      00443         end
MPASM  5.43                       SERVICE.ASM   3-1-2016  23:35:18         PAGE 12


SYMBOL TABLE
  LABEL                             VALUE 

A                                 00000000
ABDEN                             00000000
ABDOVF                            00000007
ACCESS                            00000000
ACMOD0                            00000002
ACMOD1                            00000003
ACONV                             00000005
ACQT0                             00000003
ACQT1                             00000004
ACQT2                             00000005
ACQT3                             00000006
ACSCH                             00000004
ADCHS                             00000F99
ADCON0                            00000FC2
ADCON1                            00000FC1
ADCON2                            00000FC0
ADCON3                            00000F9A
ADCS0                             00000000
ADCS1                             00000001
ADCS2                             00000002
ADDEN                             00000003
ADEN                              00000003
ADFM                              00000007
ADIE                              00000006
ADIF                              00000006
ADIP                              00000006
ADON                              00000000
ADPNT0                            00000000
ADPNT1                            00000001
ADRES                             00000FC3
ADRESH                            00000FC4
ADRESL                            00000FC3
ADRS0                             00000006
ADRS1                             00000007
AN0                               00000000
AN1                               00000001
AN2                               00000002
AN3                               00000003
AN4                               00000004
ANS0                              00000000
ANS1                              00000001
ANS2                              00000002
ANS3                              00000003
ANS4                              00000004
ANSEL0                            00000FB8
BANKED                            00000001
BAUDCON                           00000FAA
BAUDCTL                           00000FAA
BF                                00000000
BFEMT                             00000003
BFOVFL                            00000002
BOR                               00000000
BRFEN                             00000007
MPASM  5.43                       SERVICE.ASM   3-1-2016  23:35:18         PAGE 13


SYMBOL TABLE
  LABEL                             VALUE 

BRG16                             00000003
BRGH                              00000002
BSR                               00000FE0
BSR_TMP                           00000009
C                                 00000000
CAP1BUFH                          00000F69
CAP1BUFL                          00000F68
CAP1CON                           00000F63
CAP1M0                            00000000
CAP1M1                            00000001
CAP1M2                            00000002
CAP1M3                            00000003
CAP1REN                           00000006
CAP1TMR                           00000005
CAP2BUFH                          00000F67
CAP2BUFL                          00000F66
CAP2CON                           00000F62
CAP2M0                            00000000
CAP2M1                            00000001
CAP2M2                            00000002
CAP2M3                            00000003
CAP2REN                           00000006
CAP2TMR                           00000005
CAP3BUFH                          00000F65
CAP3BUFL                          00000F64
CAP3CON                           00000F61
CAP3M0                            00000000
CAP3M1                            00000001
CAP3M2                            00000002
CAP3M3                            00000003
CAP3REN                           00000006
CAP3TMR                           00000005
CCP1                              00000002
CCP1CON                           00000FBD
CCP1IE                            00000002
CCP1IF                            00000002
CCP1IP                            00000002
CCP1M0                            00000000
CCP1M1                            00000001
CCP1M2                            00000002
CCP1M3                            00000003
CCP1X                             00000005
CCP1Y                             00000004
CCP2                              00000001
CCP2CON                           00000FBA
CCP2IE                            00000000
CCP2IF                            00000000
CCP2IP                            00000000
CCP2M0                            00000000
CCP2M1                            00000001
CCP2M2                            00000002
CCP2M3                            00000003
CCP2X                             00000005
MPASM  5.43                       SERVICE.ASM   3-1-2016  23:35:18         PAGE 14


SYMBOL TABLE
  LABEL                             VALUE 

CCP2Y                             00000004
CCPR1                             00000FBE
CCPR1H                            00000FBF
CCPR1L                            00000FBE
CCPR2                             00000FBB
CCPR2H                            00000FBC
CCPR2L                            00000FBB
CC_NUM                            0000000D
CFGS                              00000006
CK                                00000006
CKE                               00000006
CKP                               00000004
CLKI                              00000007
CLKO                              00000006
CREN                              00000004
CSRC                              00000007
CUR_BYTE                          00000000
CVF_MOD                           00000002
CVF_PITCH                         00000000
CVF_VELOCITY                      00000001
CV_DATA_LKP                       00000000
CV_FLAGS                          00000001
CV_GATE                           00000005
CV_MOD                            00000004
CV_NOTE_LKP                       00000080
CV_PITCH                          00000002
CV_VELOCITY                       00000003
D                                 00000005
DATA_ADDRESS                      00000005
DC                                00000001
DC1B0                             00000004
DC1B1                             00000005
DC2B0                             00000004
DC2B1                             00000005
DDRA                              TRISA
DDRB                              TRISB
DDRC                              TRISC
DDRD                              TRISD
DDRE                              TRISE
DFLTCON                           00000F60
DONE                              00000001
DOWN                              00000005
DT0                               00000000
DT1                               00000001
DT2                               00000002
DT3                               00000003
DT4                               00000004
DT5                               00000005
DTA0                              00000000
DTA1                              00000001
DTA2                              00000002
DTA3                              00000003
DTA4                              00000004
MPASM  5.43                       SERVICE.ASM   3-1-2016  23:35:18         PAGE 15


SYMBOL TABLE
  LABEL                             VALUE 

DTA5                              00000005
DTAPS0                            00000006
DTAPS1                            00000007
DTCON                             00000F6D
DTPS0                             00000006
DTPS1                             00000007
D_A                               00000005
D_NOT_A                           00000005
EEADR                             00000FA9
EECON1                            00000FA6
EECON2                            00000FA7
EEDATA                            00000FA8
EEIE                              00000004
EEIF                              00000004
EEIP                              00000004
EEPGD                             00000007
FAST                              00000001
FERR                              00000002
FFOVFL                            00000002
FIFOEN                            00000004
FLT1EN                            00000003
FLT2EN                            00000004
FLT3EN                            00000005
FLT4EN                            00000006
FLTA                              00000001
FLTAEN                            00000000
FLTAMOD                           00000001
FLTAS                             00000002
FLTB                              00000002
FLTBEN                            00000004
FLTBMOD                           00000005
FLTBS                             00000006
FLTCK0                            00000000
FLTCK1                            00000001
FLTCK2                            00000002
FLTCON                            00000003
FLTCONFIG                         00000F6C
FLTS                              00000002
FREE                              00000004
FSR0                              00000000
FSR0H                             00000FEA
FSR0L                             00000FE9
FSR1                              00000001
FSR1H                             00000FE2
FSR1L                             00000FE1
FSR2                              00000002
FSR2H                             00000FDA
FSR2L                             00000FD9
GASEL0                            00000000
GASEL1                            00000001
GATE_1                            00000004
GATE_2                            00000003
GATE_3                            00000002
MPASM  5.43                       SERVICE.ASM   3-1-2016  23:35:18         PAGE 16


SYMBOL TABLE
  LABEL                             VALUE 

GATE_4                            00000001
GATE_5                            00000000
GBSEL0                            00000004
GBSEL1                            00000005
GCSEL0                            00000002
GCSEL1                            00000003
GDSEL0                            00000006
GDSEL1                            00000007
GIE                               00000007
GIEH                              00000007
GIEL                              00000006
GIE_GIEH                          00000007
GO                                00000001
GODONE                            00000001
GO_DONE                           00000001
GO_NOT_DONE                       00000001
IC1IE                             00000001
IC1IF                             00000001
IC1IP                             00000001
IC2QEIE                           00000002
IC2QEIF                           00000002
IC2QEIP                           00000002
IC3DRIE                           00000003
IC3DRIF                           00000003
IC3DRIP                           00000003
IDLEN                             00000007
INDF0                             00000FEF
INDF1                             00000FE7
INDF2                             00000FDF
INT0                              00000003
INT0E                             00000004
INT0F                             00000001
INT0IE                            00000004
INT0IF                            00000001
INT1                              00000004
INT1E                             00000003
INT1F                             00000000
INT1IE                            00000003
INT1IF                            00000000
INT1IP                            00000006
INT1P                             00000006
INT2                              00000005
INT2E                             00000004
INT2F                             00000001
INT2IE                            00000004
INT2IF                            00000001
INT2IP                            00000007
INT2P                             00000007
INTCON                            00000FF2
INTCON2                           00000FF1
INTCON3                           00000FF0
INTEDG0                           00000006
INTEDG1                           00000005
MPASM  5.43                       SERVICE.ASM   3-1-2016  23:35:18         PAGE 17


SYMBOL TABLE
  LABEL                             VALUE 

INTEDG2                           00000004
IOFS                              00000002
IPEN                              00000007
IPR1                              00000F9F
IPR2                              00000FA2
IPR3                              00000FA5
IRCF0                             00000004
IRCF1                             00000005
IRCF2                             00000006
IRVST                             00000005
IVRST                             00000005
LATA                              00000F89
LATA0                             00000000
LATA1                             00000001
LATA2                             00000002
LATA3                             00000003
LATA4                             00000004
LATA6                             00000006
LATA7                             00000007
LATB                              00000F8A
LATB0                             00000000
LATB1                             00000001
LATB2                             00000002
LATB3                             00000003
LATB4                             00000004
LATB5                             00000005
LATB6                             00000006
LATB7                             00000007
LATC                              00000F8B
LATC0                             00000000
LATC1                             00000001
LATC2                             00000002
LATC3                             00000003
LATC4                             00000004
LATC5                             00000005
LATC6                             00000006
LATC7                             00000007
LVDCON                            00000FD2
LVDEN                             00000004
LVDIE                             00000002
LVDIF                             00000002
LVDIP                             00000002
LVDL0                             00000000
LVDL1                             00000001
LVDL2                             00000002
LVDL3                             00000003
MAXCNTH                           00000F65
MAXCNTL                           00000F64
MCLR                              00000003
MIDI_STATE                        0000000A
MIDI_STATE_TMP                    0000000B
MSG_CHAN                          0000000E
MSG_COUNT                         0000000C
MPASM  5.43                       SERVICE.ASM   3-1-2016  23:35:18         PAGE 18


SYMBOL TABLE
  LABEL                             VALUE 

MSG_PITCH                         0000000F
MSG_VELOCITY                      00000010
N                                 00000004
NOT_A                             00000005
NOT_ADDRESS                       00000005
NOT_BOR                           00000000
NOT_DONE                          00000001
NOT_DOWN                          00000005
NOT_FLTA                          00000001
NOT_FLTB                          00000002
NOT_IPEN                          00000007
NOT_MCLR                          00000003
NOT_PD                            00000002
NOT_POR                           00000001
NOT_RBPU                          00000007
NOT_RESEN                         00000006
NOT_RI                            00000004
NOT_SS                            00000006
NOT_T1SYNC                        00000002
NOT_T5SYNC                        00000002
NOT_TO                            00000003
NOT_VELM                          00000007
NOT_W                             00000002
NOT_WRITE                         00000002
OERR                              00000001
OSC1                              00000007
OSC2                              00000006
OSCCON                            00000FD3
OSCTUNE                           00000F9B
OSFIE                             00000007
OSFIF                             00000007
OSFIP                             00000007
OSTS                              00000003
OSYNC                             00000000
OV                                00000003
OVDCOND                           00000F6B
OVDCONS                           00000F6A
P                                 00000004
PC                                00000FF9
PCL                               00000FF9
PCLATH                            00000FFA
PCLATU                            00000FFB
PD                                00000002
PDC0H                             00000F78
PDC0L                             00000F79
PDC1H                             00000F76
PDC1L                             00000F77
PDC2H                             00000F74
PDC2L                             00000F75
PDEC0                             00000000
PDEC1                             00000001
PEIE                              00000006
PEIE_GIEL                         00000006
MPASM  5.43                       SERVICE.ASM   3-1-2016  23:35:18         PAGE 19


SYMBOL TABLE
  LABEL                             VALUE 

PIE1                              00000F9D
PIE2                              00000FA0
PIE3                              00000FA3
PIR1                              00000F9E
PIR2                              00000FA1
PIR3                              00000FA4
PLUSW0                            00000FEB
PLUSW1                            00000FE3
PLUSW2                            00000FDB
PMOD0                             00000000
PMOD1                             00000001
PMOD2                             00000002
PMOD3                             00000003
POR                               00000001
PORTA                             00000F80
PORTB                             00000F81
PORTC                             00000F82
PORTE                             00000F84
POSCNTH                           00000F67
POSCNTL                           00000F66
POSTDEC0                          00000FED
POSTDEC1                          00000FE5
POSTDEC2                          00000FDD
POSTINC0                          00000FEE
POSTINC1                          00000FE6
POSTINC2                          00000FDE
POUT0                             00000000
POUT1                             00000001
POUT2                             00000002
POUT3                             00000003
POUT4                             00000004
POUT5                             00000005
POUT6                             00000006
POUT7                             00000007
POVD0                             00000000
POVD1                             00000001
POVD2                             00000002
POVD3                             00000003
POVD4                             00000004
POVD5                             00000005
POVD6                             00000006
POVD7                             00000007
PR2                               00000FCB
PR5                               00000F90
PR5H                              00000F91
PR5L                              00000F90
PREINC0                           00000FEC
PREINC1                           00000FE4
PREINC2                           00000FDC
PROD                              00000FF3
PRODH                             00000FF4
PRODL                             00000FF3
PSA                               00000003
MPASM  5.43                       SERVICE.ASM   3-1-2016  23:35:18         PAGE 20


SYMBOL TABLE
  LABEL                             VALUE 

PTCKPS0                           00000002
PTCKPS1                           00000003
PTCON0                            00000F7F
PTCON1                            00000F7E
PTDIR                             00000006
PTEN                              00000007
PTIE                              00000004
PTIF                              00000004
PTIP                              00000004
PTMOD0                            00000000
PTMOD1                            00000001
PTMRH                             00000F7C
PTMRL                             00000F7D
PTOPS0                            00000004
PTOPS1                            00000005
PTOPS2                            00000006
PTOPS3                            00000007
PTPERH                            00000F7A
PTPERL                            00000F7B
PWMCON0                           00000F6F
PWMCON1                           00000F6E
PWMEN0                            00000004
PWMEN1                            00000005
PWMEN2                            00000006
QEICON                            00000FB6
QEIM0                             00000002
QEIM1                             00000003
QEIM2                             00000004
R                                 00000002
RA0                               00000000
RA1                               00000001
RA2                               00000002
RA3                               00000003
RA4                               00000004
RA6                               00000006
RA7                               00000007
RB0                               00000000
RB1                               00000001
RB2                               00000002
RB3                               00000003
RB4                               00000004
RB5                               00000005
RB6                               00000006
RB7                               00000007
RBIE                              00000003
RBIF                              00000000
RBIP                              00000000
RBPU                              00000007
RC0                               00000000
RC1                               00000001
RC2                               00000002
RC3                               00000003
RC4                               00000004
MPASM  5.43                       SERVICE.ASM   3-1-2016  23:35:18         PAGE 21


SYMBOL TABLE
  LABEL                             VALUE 

RC5                               00000005
RC6                               00000006
RC7                               00000007
RCIDL                             00000006
RCIE                              00000005
RCIF                              00000005
RCIP                              00000005
RCMT                              00000006
RCON                              00000FD0
RCREG                             00000FAE
RCSTA                             00000FAB
RD                                00000000
RD16                              00000007
RE3                               00000003
READ_WRITE                        00000002
RESEN                             00000006
RI                                00000004
RX                                00000007
RX9                               00000006
RX9D                              00000000
RXDTP                             00000005
R_NOT_W                           00000002
R_W                               00000002
S                                 00000003
SASEL0                            00000000
SASEL1                            00000001
SBSEL0                            00000004
SBSEL1                            00000005
SCK                               00000005
SCKP                              00000004
SCL                               00000005
SCS0                              00000000
SCS1                              00000001
SCSEL0                            00000002
SCSEL1                            00000003
SDA                               00000004
SDI                               00000004
SDO                               00000007
SDSEL0                            00000006
SDSEL1                            00000007
SENDB                             00000003
SEVOPS0                           00000004
SEVOPS1                           00000005
SEVOPS2                           00000006
SEVOPS3                           00000007
SEVTCMPH                          00000F70
SEVTCMPL                          00000F71
SEVTDIR                           00000003
SMP                               00000007
SPBRG                             00000FAF
SPBRGH                            00000FB0
SPEN                              00000007
SREN                              00000005
MPASM  5.43                       SERVICE.ASM   3-1-2016  23:35:18         PAGE 22


SYMBOL TABLE
  LABEL                             VALUE 

SS                                00000006
SSPADD                            00000FC8
SSPBUF                            00000FC9
SSPCON                            00000FC6
SSPEN                             00000005
SSPIE                             00000003
SSPIF                             00000003
SSPIP                             00000003
SSPM0                             00000000
SSPM1                             00000001
SSPM2                             00000002
SSPM3                             00000003
SSPOV                             00000006
SSPSTAT                           00000FC7
SSRC0                             00000000
SSRC1                             00000001
SSRC2                             00000002
SSRC3                             00000003
SSRC4                             00000004
STATUS                            00000FD8
STKFUL                            00000007
STKOVF                            00000007
STKPTR                            00000FFC
STKPTR0                           00000000
STKPTR1                           00000001
STKPTR2                           00000002
STKPTR3                           00000003
STKPTR4                           00000004
STKUNF                            00000006
ST_TMP                            00000008
SWDTEN                            00000000
SYNC                              00000004
SYS_EX_DATA                       00000006
T016BIT                           00000006
T0CKI                             00000003
T0CON                             00000FD5
T0CS                              00000005
T0IE                              00000005
T0IF                              00000002
T0IP                              00000002
T0PS0                             00000000
T0PS1                             00000001
T0PS2                             00000002
T0PS3                             00000003
T0SE                              00000004
T13CKI                            00000000
T1CKPS0                           00000004
T1CKPS1                           00000005
T1CON                             00000FCD
T1INSYNC                          00000002
T1OSCEN                           00000003
T1OSI                             00000001
T1OSO                             00000000
MPASM  5.43                       SERVICE.ASM   3-1-2016  23:35:18         PAGE 23


SYMBOL TABLE
  LABEL                             VALUE 

T1RUN                             00000006
T1SYNC                            00000002
T2CKPS0                           00000000
T2CKPS1                           00000001
T2CON                             00000FCA
T2OUTPS0                          00000003
T2OUTPS1                          00000004
T2OUTPS2                          00000005
T2OUTPS3                          00000006
T5CKI                             00000003
T5CON                             00000FB7
T5MOD                             00000005
T5PS0                             00000003
T5PS1                             00000004
T5SEN                             00000007
T5SYNC                            00000002
TABLAT                            00000FF5
TBIE                              00000004
TBIF                              00000004
TBIP                              00000004
TBLPTR                            00000FF6
TBLPTRH                           00000FF7
TBLPTRL                           00000FF6
TBLPTRU                           00000FF8
TMP_CV_BYTE_H                     00000012
TMP_CV_BYTE_L                     00000011
TMR0                              00000FD6
TMR0H                             00000FD7
TMR0IE                            00000005
TMR0IF                            00000002
TMR0IP                            00000002
TMR0L                             00000FD6
TMR0ON                            00000007
TMR1                              00000FCE
TMR1CS                            00000001
TMR1H                             00000FCF
TMR1IE                            00000000
TMR1IF                            00000000
TMR1IP                            00000000
TMR1L                             00000FCE
TMR1ON                            00000000
TMR2                              00000FCC
TMR2IE                            00000001
TMR2IF                            00000001
TMR2IP                            00000001
TMR2ON                            00000002
TMR5                              00000F87
TMR5CS                            00000001
TMR5H                             00000F88
TMR5IE                            00000000
TMR5IF                            00000000
TMR5IP                            00000000
TMR5L                             00000F87
MPASM  5.43                       SERVICE.ASM   3-1-2016  23:35:18         PAGE 24


SYMBOL TABLE
  LABEL                             VALUE 

TMR5ON                            00000000
TO                                00000003
TOS                               00000FFD
TOSH                              00000FFE
TOSL                              00000FFD
TOSU                              00000FFF
TOUTPS0                           00000003
TOUTPS1                           00000004
TOUTPS2                           00000005
TOUTPS3                           00000006
TRISA                             00000F92
TRISA0                            00000000
TRISA1                            00000001
TRISA2                            00000002
TRISA3                            00000003
TRISA4                            00000004
TRISA6                            00000006
TRISA7                            00000007
TRISB                             00000F93
TRISB0                            00000000
TRISB1                            00000001
TRISB2                            00000002
TRISB3                            00000003
TRISB4                            00000004
TRISB5                            00000005
TRISB6                            00000006
TRISB7                            00000007
TRISC                             00000F94
TRISC0                            00000000
TRISC1                            00000001
TRISC2                            00000002
TRISC3                            00000003
TRISC4                            00000004
TRISC5                            00000005
TRISC6                            00000006
TRISC7                            00000007
TRMT                              00000001
TUN0                              00000000
TUN1                              00000001
TUN2                              00000002
TUN3                              00000003
TUN4                              00000004
TUN5                              00000005
TX                                00000006
TX9                               00000006
TX9D                              00000000
TXCKP                             00000004
TXEN                              00000005
TXIE                              00000004
TXIF                              00000004
TXIP                              00000004
TXREG                             00000FAD
TXSTA                             00000FAC
MPASM  5.43                       SERVICE.ASM   3-1-2016  23:35:18         PAGE 25


SYMBOL TABLE
  LABEL                             VALUE 

UA                                00000001
UDIS                              00000001
UP                                00000005
UPDOWN                            00000005
UP_DOWN                           00000005
UP_NOT_DOWN                       00000005
VCFG0                             00000006
VCFG1                             00000007
VELM                              00000007
VELRH                             00000F69
VELRL                             00000F68
VREFM                             00000002
VREFP                             00000003
W                                 00000000
WCOL                              00000007
WDTCON                            00000FD1
WDTW                              00000007
WR                                00000001
WREG                              00000FE8
WREN                              00000002
WRERR                             00000003
WUE                               00000001
W_TMP                             00000007
Z                                 00000002
_BOREN_OFF_2L                     000000FD
_BOREN_ON_2L                      000000FF
_BORV_20_2L                       000000FF
_BORV_27_2L                       000000FB
_BORV_42_2L                       000000F7
_BORV_45_2L                       000000F3
_CC02_OFF                         0000022E
_CC03_OFF                         0000024A
_CC04_OFF                         00000266
_CC05_OFF                         00000282
_CHECK_BYTE                       000002E4
_CHECK_BYTE_TYPE                  00000042
_CHECK_RC                         0000000C
_CONFIG1H                         00300001
_CONFIG2H                         00300003
_CONFIG2L                         00300002
_CONFIG3H                         00300005
_CONFIG3L                         00300004
_CONFIG4L                         00300006
_CONFIG5H                         00300009
_CONFIG5L                         00300008
_CONFIG6H                         0030000B
_CONFIG6L                         0030000A
_CONFIG7H                         0030000D
_CONFIG7L                         0030000C
_CP0_OFF_5L                       000000FF
_CP0_ON_5L                        000000FE
_CP1_OFF_5L                       000000FF
_CP1_ON_5L                        000000FD
MPASM  5.43                       SERVICE.ASM   3-1-2016  23:35:18         PAGE 26


SYMBOL TABLE
  LABEL                             VALUE 

_CP2_OFF_5L                       000000FF
_CP2_ON_5L                        000000FB
_CP3_OFF_5L                       000000FF
_CP3_ON_5L                        000000F7
_CPB_OFF_5H                       000000FF
_CPB_ON_5H                        000000BF
_CPD_OFF_5H                       000000FF
_CPD_ON_5H                        0000007F
_CREATE_OFFSET                    000002FC
_DEBUG_OFF_4L                     000000FF
_DEBUG_ON_4L                      0000007F
_DEVID1                           003FFFFE
_DEVID2                           003FFFFF
_EBTR0_OFF_7L                     000000FF
_EBTR0_ON_7L                      000000FE
_EBTR1_OFF_7L                     000000FF
_EBTR1_ON_7L                      000000FD
_EBTR2_OFF_7L                     000000FF
_EBTR2_ON_7L                      000000FB
_EBTR3_OFF_7L                     000000FF
_EBTR3_ON_7L                      000000F7
_EBTRB_OFF_7H                     000000FF
_EBTRB_ON_7H                      000000BF
_END_CVALUE                       00000288
_END_NOTE_OFF                     000000B4
_EXIT_SERVICE                     00000012
_FCMEN_OFF_1H                     000000BF
_FCMEN_ON_1H                      000000FF
_HANDLE_RC                        0000001E
_HPOL_HIGH_3L                     000000FF
_HPOL_LOW_3L                      000000EF
_IDLOC0                           00200000
_IDLOC1                           00200001
_IDLOC2                           00200002
_IDLOC3                           00200003
_IDLOC4                           00200004
_IDLOC5                           00200005
_IDLOC6                           00200006
_IDLOC7                           00200007
_IESO_OFF_1H                      0000007F
_IESO_ON_1H                       000000FF
_LPOL_HIGH_3L                     000000FF
_LPOL_LOW_3L                      000000F7
_LVP_OFF_4L                       000000FB
_LVP_ON_4L                        000000FF
_MCLRE_OFF_3H                     0000007F
_MCLRE_ON_3H                      000000FF
_MOFFSET_AS                       0000002A
_MOFFSET_CC                       00000006
_MOFFSET_CONT_SONG                00000024
_MOFFSET_CP                       0000000A
_MOFFSET_F1                       00000010
_MOFFSET_KP                       00000004
MPASM  5.43                       SERVICE.ASM   3-1-2016  23:35:18         PAGE 27


SYMBOL TABLE
  LABEL                             VALUE 

_MOFFSET_NONE                     0000002E
_MOFFSET_NOTE_OFF                 00000000
_MOFFSET_NOTE_ON                  00000002
_MOFFSET_PB                       0000000C
_MOFFSET_PC                       00000008
_MOFFSET_SP                       00000012
_MOFFSET_SS                       00000014
_MOFFSET_START_SONG               00000022
_MOFFSET_STOP_SONG                00000026
_MOFFSET_SYS_EX                   0000000E
_MOFFSET_SYS_EX_END               0000001C
_MOFFSET_SYS_RESET                0000002C
_MOFFSET_TR                       0000001A
_MOFFSET_TT                       0000001E
_MOFFSET_UBS                      00000018
_MOSSFEST_F4                      00000016
_MOSSFEST_F9                      00000020
_MOSSFEST_FD                      00000028
_MSTATE_AS                        000002CE
_MSTATE_CC                        000001F0
_MSTATE_CONT_SONG                 000002C2
_MSTATE_CP                        00000292
_MSTATE_F1                        0000029A
_MSTATE_F4                        000002A6
_MSTATE_F9                        000002BA
_MSTATE_FD                        000002CA
_MSTATE_KP                        000001EC
_MSTATE_NONE                      000002D4
_MSTATE_NOTE_OFF                  00000084
_MSTATE_NOTE_OFF_MODE_1           000000BA
_MSTATE_NOTE_ON                   00000138
_MSTATE_NOTE_ON_MODE_1            0000016A
_MSTATE_PB                        00000296
_MSTATE_PC                        0000028E
_MSTATE_SP                        0000029E
_MSTATE_SS                        000002A2
_MSTATE_START_SONG                000002BE
_MSTATE_STOP_SONG                 000002C6
_MSTATE_SYS_EX                    0000002A
_MSTATE_SYS_EX_END                000002B2
_MSTATE_SYS_RESET                 000002D2
_MSTATE_TR                        000002AE
_MSTATE_TT                        000002B6
_MSTATE_UBS                       000002AA
_OSC_ECIO_1H                      000000F5
_OSC_EC_1H                        000000F4
_OSC_HSPLL_1H                     000000F6
_OSC_HS_1H                        000000F2
_OSC_IRCIO_1H                     000000F8
_OSC_IRC_1H                       000000F9
_OSC_LP_1H                        000000F0
_OSC_RC1_1H                       000000FA
_OSC_RC2_1H                       000000F3
MPASM  5.43                       SERVICE.ASM   3-1-2016  23:35:18         PAGE 28


SYMBOL TABLE
  LABEL                             VALUE 

_OSC_RCIO_1H                      000000F7
_OSC_RC_1H                        000000FC
_OSC_XT_1H                        000000F1
_PROCESS_CC01                     00000206
_PROCESS_CC02                     00000218
_PROCESS_CC03                     00000234
_PROCESS_CC04                     00000250
_PROCESS_CC05                     0000026C
_PROCESS_MESSAGE                  0000004A
_PROCESS_NOTE_OFF_GATE1           000000FE
_PROCESS_NOTE_OFF_GATE2           0000010C
_PROCESS_NOTE_OFF_GATE3           0000011A
_PROCESS_NOTE_OFF_GATE4           00000128
_PROCESS_NOTE_OFF_GATE5           00000130
_PROCESS_NOTE_ON_GATE1            000001B2
_PROCESS_NOTE_ON_GATE2            000001C0
_PROCESS_NOTE_ON_GATE3            000001CE
_PROCESS_NOTE_ON_GATE4            000001DC
_PROCESS_NOTE_ON_GATE5            000001E4
_PROCESS_STATUS                   000002D8
_PROCESS_SYS_EX_DATA              0000003A
_PROCESS_VELOCITY_NOTE_OFF        0000009A
_PROCESS_VELOCITY_NOTE_OFF2       0000009E
_PROCESS_VELOCITY_NOTE_OFF2_M1    000000DE
_PROCESS_VELOCITY_NOTE_OFF_M1     000000CA
_PROCESS_VELOCITY_NOTE_ON         0000014E
_PROCESS_VELOCITY_NOTE_ON_M1      0000017A
_PROCSES_CNUM                     000001FC
_PROCSES_PITCH_NOTE_OFF           00000090
_PROCSES_PITCH_NOTE_OFF_M1        000000C0
_PROCSES_PITCH_NOTE_ON            00000144
_PROCSES_PITCH_NOTE_ON_M1         00000170
_PROCSES_SYS_EX_END               00000032
_PUT_NOTE_OFF_LIVE                000000A6
_PUT_NOTE_OFF_LIVE_M1             000000DE
_PWMPIN_OFF_3L                    000000FF
_PWMPIN_ON_3L                     000000FB
_PWRTEN_OFF_2L                    000000FF
_PWRTEN_ON_2L                     000000FE
_RC_CLEANUP                       0000007E
_RESTORE_CTX                      
_SAVE_CTX                         
_SERVICE_HI                       00000002
_SERVICE_LO                       00000000
_SET_STD_MSG                      000002EC
_SET_SYSTEM_MSG                   000002F6
_STVREN_OFF_4L                    000000FE
_STVREN_ON_4L                     000000FF
_T1OSCMX_OFF_3L                   000000DF
_T1OSCMX_ON_3L                    000000FF
_WDPS_1024_2H                     000000F5
_WDPS_128_2H                      000000EF
_WDPS_16384_2H                    000000FD
MPASM  5.43                       SERVICE.ASM   3-1-2016  23:35:18         PAGE 29


SYMBOL TABLE
  LABEL                             VALUE 

_WDPS_16_2H                       000000E9
_WDPS_1_2H                        000000E1
_WDPS_2048_2H                     000000F7
_WDPS_256_2H                      000000F1
_WDPS_2_2H                        000000E3
_WDPS_32768_2H                    000000FF
_WDPS_32_2H                       000000EB
_WDPS_4096_2H                     000000F9
_WDPS_4_2H                        000000E5
_WDPS_512_2H                      000000F3
_WDPS_64_2H                       000000ED
_WDPS_8192_2H                     000000FB
_WDPS_8_2H                        000000E7
_WDTEN_OFF_2H                     000000FE
_WDTEN_ON_2H                      000000FF
_WINEN_OFF_2H                     000000FF
_WINEN_ON_2H                      000000DF
_WRT0_OFF_6L                      000000FF
_WRT0_ON_6L                       000000FE
_WRT1_OFF_6L                      000000FF
_WRT1_ON_6L                       000000FD
_WRT2_OFF_6L                      000000FF
_WRT2_ON_6L                       000000FB
_WRT3_OFF_6L                      000000FF
_WRT3_ON_6L                       000000F7
_WRTB_OFF_6H                      000000FF
_WRTB_ON_6H                       000000BF
_WRTC_OFF_6H                      000000FF
_WRTC_ON_6H                       000000DF
_WRTD_OFF_6H                      000000FF
_WRTD_ON_6H                       0000007F
__18F2431                         00000001

Errors   :     0
Warnings :     0 reported,     0 suppressed
Messages :     0 reported,     0 suppressed

